{"/Users/space-be/Desktop/DEV/forbitswap-nfts-api-v2/src/app.ts": {"path":"/Users/space-be/Desktop/DEV/forbitswap-nfts-api-v2/src/app.ts","statementMap":{"0":{"start":{"line":1,"column":0},"end":{"line":1,"column":28}},"1":{"start":{"line":2,"column":0},"end":{"line":2,"column":16}},"2":{"start":{"line":4,"column":0},"end":{"line":4,"column":47}},"3":{"start":{"line":5,"column":0},"end":{"line":5,"column":29}},"4":{"start":{"line":6,"column":0},"end":{"line":6,"column":28}},"5":{"start":{"line":7,"column":0},"end":{"line":7,"column":30}},"6":{"start":{"line":8,"column":0},"end":{"line":8,"column":24}},"7":{"start":{"line":9,"column":0},"end":{"line":9,"column":51}},"8":{"start":{"line":10,"column":0},"end":{"line":10,"column":44}},"9":{"start":{"line":12,"column":12},"end":{"line":12,"column":21}},"10":{"start":{"line":14,"column":13},"end":{"line":14,"column":37}},"11":{"start":{"line":17,"column":19},"end":{"line":32,"column":1}},"12":{"start":{"line":18,"column":2},"end":{"line":18,"column":14}},"13":{"start":{"line":19,"column":2},"end":{"line":19,"column":24}},"14":{"start":{"line":20,"column":2},"end":{"line":20,"column":53}},"15":{"start":{"line":21,"column":2},"end":{"line":21,"column":32}},"16":{"start":{"line":22,"column":2},"end":{"line":22,"column":90}},"17":{"start":{"line":23,"column":2},"end":{"line":23,"column":26}},"18":{"start":{"line":24,"column":2},"end":{"line":24,"column":29}},"19":{"start":{"line":25,"column":2},"end":{"line":25,"column":25}},"20":{"start":{"line":27,"column":2},"end":{"line":27,"column":26}},"21":{"start":{"line":29,"column":2},"end":{"line":31,"column":5}},"22":{"start":{"line":30,"column":4},"end":{"line":30,"column":65}},"23":{"start":{"line":34,"column":9},"end":{"line":34,"column":19}}},"fnMap":{"0":{"name":"(anonymous_7)","decl":{"start":{"line":17,"column":19},"end":{"line":17,"column":22}},"loc":{"start":{"line":17,"column":24},"end":{"line":32,"column":1}}},"1":{"name":"(anonymous_8)","decl":{"start":{"line":29,"column":19},"end":{"line":29,"column":22}},"loc":{"start":{"line":29,"column":24},"end":{"line":31,"column":3}}}},"branchMap":{"0":{"loc":{"start":{"line":14,"column":13},"end":{"line":14,"column":37}},"type":"binary-expr","locations":[{"start":{"line":14,"column":13},"end":{"line":14,"column":29}},{"start":{"line":14,"column":33},"end":{"line":14,"column":37}}]}},"s":{"0":1,"1":1,"2":1,"3":1,"4":1,"5":1,"6":1,"7":1,"8":1,"9":1,"10":1,"11":1,"12":1,"13":1,"14":1,"15":1,"16":1,"17":1,"18":1,"19":1,"20":1,"21":1,"22":1,"23":1},"f":{"0":1,"1":1},"b":{"0":[1,0]}}
,"/Users/space-be/Desktop/DEV/forbitswap-nfts-api-v2/src/config/cors.config.ts": {"path":"/Users/space-be/Desktop/DEV/forbitswap-nfts-api-v2/src/config/cors.config.ts","statementMap":{"0":{"start":{"line":1,"column":13},"end":{"line":5,"column":2}}},"fnMap":{},"branchMap":{},"s":{"0":1},"f":{},"b":{}}
,"/Users/space-be/Desktop/DEV/forbitswap-nfts-api-v2/src/config/db.config.ts": {"path":"/Users/space-be/Desktop/DEV/forbitswap-nfts-api-v2/src/config/db.config.ts","statementMap":{"0":{"start":{"line":1,"column":46},"end":{"line":1,"column":57}},"1":{"start":{"line":3,"column":0},"end":{"line":3,"column":32}},"2":{"start":{"line":5,"column":18},"end":{"line":20,"column":1}},"3":{"start":{"line":6,"column":1},"end":{"line":19,"column":null}},"4":{"start":{"line":7,"column":2},"end":{"line":16,"column":4}},"5":{"start":{"line":10,"column":4},"end":{"line":14,"column":null}},"6":{"start":{"line":11,"column":5},"end":{"line":11,"column":24}},"7":{"start":{"line":13,"column":5},"end":{"line":13,"column":54}},"8":{"start":{"line":18,"column":2},"end":{"line":18,"column":29}},"9":{"start":{"line":22,"column":9},"end":{"line":22,"column":18}}},"fnMap":{"0":{"name":"(anonymous_1)","decl":{"start":{"line":5,"column":18},"end":{"line":5,"column":21}},"loc":{"start":{"line":5,"column":23},"end":{"line":20,"column":1}}},"1":{"name":"(anonymous_2)","decl":{"start":{"line":9,"column":3},"end":{"line":9,"column":8}},"loc":{"start":{"line":9,"column":11},"end":{"line":15,"column":4}}}},"branchMap":{"0":{"loc":{"start":{"line":10,"column":4},"end":{"line":14,"column":null}},"type":"if","locations":[{"start":{"line":10,"column":4},"end":{"line":14,"column":null}},{"start":{"line":12,"column":11},"end":{"line":14,"column":null}}]}},"s":{"0":1,"1":1,"2":1,"3":1,"4":1,"5":1,"6":0,"7":1,"8":0,"9":1},"f":{"0":1,"1":1},"b":{"0":[0,1]}}
,"/Users/space-be/Desktop/DEV/forbitswap-nfts-api-v2/src/config/provider.config.ts": {"path":"/Users/space-be/Desktop/DEV/forbitswap-nfts-api-v2/src/config/provider.config.ts","statementMap":{"0":{"start":{"line":1,"column":0},"end":{"line":1,"column":24}},"1":{"start":{"line":3,"column":131},"end":{"line":3,"column":142}},"2":{"start":{"line":4,"column":32},"end":{"line":4,"column":43}},"3":{"start":{"line":5,"column":34},"end":{"line":5,"column":47}},"4":{"start":{"line":6,"column":34},"end":{"line":6,"column":47}},"5":{"start":{"line":7,"column":34},"end":{"line":7,"column":47}},"6":{"start":{"line":8,"column":38},"end":{"line":8,"column":55}},"7":{"start":{"line":9,"column":38},"end":{"line":9,"column":55}},"8":{"start":{"line":10,"column":32},"end":{"line":10,"column":43}},"9":{"start":{"line":11,"column":32},"end":{"line":11,"column":43}},"10":{"start":{"line":13,"column":16},"end":{"line":27,"column":2}},"11":{"start":{"line":29,"column":20},"end":{"line":44,"column":1}},"12":{"start":{"line":30,"column":17},"end":{"line":30,"column":71}},"13":{"start":{"line":31,"column":13},"end":{"line":31,"column":23}},"14":{"start":{"line":32,"column":2},"end":{"line":32,"column":29}},"15":{"start":{"line":34,"column":2},"end":{"line":37,"column":5}},"16":{"start":{"line":35,"column":4},"end":{"line":35,"column":70}},"17":{"start":{"line":36,"column":4},"end":{"line":36,"column":31}},"18":{"start":{"line":39,"column":2},"end":{"line":42,"column":5}},"19":{"start":{"line":40,"column":4},"end":{"line":40,"column":70}},"20":{"start":{"line":41,"column":4},"end":{"line":41,"column":31}},"21":{"start":{"line":43,"column":2},"end":{"line":43,"column":14}},"22":{"start":{"line":46,"column":19},"end":{"line":48,"column":1}},"23":{"start":{"line":47,"column":2},"end":{"line":47,"column":33}},"24":{"start":{"line":50,"column":24},"end":{"line":52,"column":1}},"25":{"start":{"line":51,"column":2},"end":{"line":51,"column":35}},"26":{"start":{"line":54,"column":24},"end":{"line":56,"column":1}},"27":{"start":{"line":55,"column":4},"end":{"line":55,"column":37}},"28":{"start":{"line":58,"column":24},"end":{"line":60,"column":1}},"29":{"start":{"line":59,"column":4},"end":{"line":59,"column":37}},"30":{"start":{"line":62,"column":28},"end":{"line":64,"column":1}},"31":{"start":{"line":63,"column":4},"end":{"line":63,"column":41}},"32":{"start":{"line":66,"column":27},"end":{"line":68,"column":1}},"33":{"start":{"line":67,"column":4},"end":{"line":67,"column":41}},"34":{"start":{"line":70,"column":22},"end":{"line":72,"column":1}},"35":{"start":{"line":71,"column":4},"end":{"line":71,"column":35}},"36":{"start":{"line":74,"column":21},"end":{"line":76,"column":1}},"37":{"start":{"line":75,"column":4},"end":{"line":75,"column":35}},"38":{"start":{"line":78,"column":20},"end":{"line":78,"column":32}},"39":{"start":{"line":94,"column":27},"end":{"line":94,"column":38}},"40":{"start":{"line":80,"column":25},"end":{"line":80,"column":42}},"41":{"start":{"line":94,"column":9},"end":{"line":94,"column":25}},"42":{"start":{"line":82,"column":25},"end":{"line":82,"column":42}},"43":{"start":{"line":94,"column":39},"end":{"line":94,"column":55}},"44":{"start":{"line":84,"column":25},"end":{"line":84,"column":42}},"45":{"start":{"line":94,"column":57},"end":{"line":94,"column":73}},"46":{"start":{"line":86,"column":29},"end":{"line":86,"column":50}},"47":{"start":{"line":94,"column":74},"end":{"line":94,"column":94}},"48":{"start":{"line":88,"column":29},"end":{"line":88,"column":50}},"49":{"start":{"line":94,"column":96},"end":{"line":94,"column":116}},"50":{"start":{"line":90,"column":23},"end":{"line":90,"column":38}},"51":{"start":{"line":94,"column":118},"end":{"line":94,"column":132}},"52":{"start":{"line":92,"column":23},"end":{"line":92,"column":38}},"53":{"start":{"line":94,"column":134},"end":{"line":94,"column":148}}},"fnMap":{"0":{"name":"(anonymous_1)","decl":{"start":{"line":29,"column":20},"end":{"line":29,"column":21}},"loc":{"start":{"line":29,"column":40},"end":{"line":44,"column":1}}},"1":{"name":"(anonymous_2)","decl":{"start":{"line":34,"column":23},"end":{"line":34,"column":26}},"loc":{"start":{"line":34,"column":28},"end":{"line":37,"column":3}}},"2":{"name":"(anonymous_3)","decl":{"start":{"line":39,"column":21},"end":{"line":39,"column":24}},"loc":{"start":{"line":39,"column":26},"end":{"line":42,"column":3}}},"3":{"name":"(anonymous_4)","decl":{"start":{"line":46,"column":19},"end":{"line":46,"column":22}},"loc":{"start":{"line":46,"column":24},"end":{"line":48,"column":1}}},"4":{"name":"(anonymous_5)","decl":{"start":{"line":50,"column":24},"end":{"line":50,"column":27}},"loc":{"start":{"line":50,"column":29},"end":{"line":52,"column":1}}},"5":{"name":"(anonymous_6)","decl":{"start":{"line":54,"column":24},"end":{"line":54,"column":27}},"loc":{"start":{"line":54,"column":29},"end":{"line":56,"column":1}}},"6":{"name":"(anonymous_7)","decl":{"start":{"line":58,"column":24},"end":{"line":58,"column":27}},"loc":{"start":{"line":58,"column":29},"end":{"line":60,"column":1}}},"7":{"name":"(anonymous_8)","decl":{"start":{"line":62,"column":28},"end":{"line":62,"column":31}},"loc":{"start":{"line":62,"column":33},"end":{"line":64,"column":1}}},"8":{"name":"(anonymous_9)","decl":{"start":{"line":66,"column":27},"end":{"line":66,"column":30}},"loc":{"start":{"line":66,"column":32},"end":{"line":68,"column":1}}},"9":{"name":"(anonymous_10)","decl":{"start":{"line":70,"column":22},"end":{"line":70,"column":25}},"loc":{"start":{"line":70,"column":27},"end":{"line":72,"column":1}}},"10":{"name":"(anonymous_11)","decl":{"start":{"line":74,"column":21},"end":{"line":74,"column":24}},"loc":{"start":{"line":74,"column":26},"end":{"line":76,"column":1}}}},"branchMap":{},"s":{"0":1,"1":1,"2":1,"3":1,"4":1,"5":1,"6":1,"7":1,"8":1,"9":1,"10":1,"11":1,"12":8,"13":8,"14":8,"15":8,"16":0,"17":0,"18":8,"19":0,"20":0,"21":8,"22":1,"23":1,"24":1,"25":1,"26":1,"27":1,"28":1,"29":1,"30":1,"31":1,"32":1,"33":1,"34":1,"35":1,"36":1,"37":1,"38":1,"39":1,"40":1,"41":1,"42":1,"43":1,"44":1,"45":1,"46":1,"47":1,"48":1,"49":1,"50":1,"51":1,"52":1,"53":1},"f":{"0":8,"1":0,"2":0,"3":1,"4":1,"5":1,"6":1,"7":1,"8":1,"9":1,"10":1},"b":{}}
,"/Users/space-be/Desktop/DEV/forbitswap-nfts-api-v2/src/constant/addressToken.constant.ts": {"path":"/Users/space-be/Desktop/DEV/forbitswap-nfts-api-v2/src/constant/addressToken.constant.ts","statementMap":{"0":{"start":{"line":1,"column":13},"end":{"line":19,"column":2}}},"fnMap":{},"branchMap":{},"s":{"0":1},"f":{},"b":{}}
,"/Users/space-be/Desktop/DEV/forbitswap-nfts-api-v2/src/constant/alchemy.constant.ts": {"path":"/Users/space-be/Desktop/DEV/forbitswap-nfts-api-v2/src/constant/alchemy.constant.ts","statementMap":{"0":{"start":{"line":1,"column":24},"end":{"line":1,"column":42}},"1":{"start":{"line":21,"column":9},"end":{"line":21,"column":24}},"2":{"start":{"line":2,"column":24},"end":{"line":19,"column":1}},"3":{"start":{"line":3,"column":23},"end":{"line":3,"column":36}},"4":{"start":{"line":4,"column":25},"end":{"line":4,"column":38}},"5":{"start":{"line":5,"column":25},"end":{"line":5,"column":42}},"6":{"start":{"line":6,"column":24},"end":{"line":6,"column":40}},"7":{"start":{"line":7,"column":2},"end":{"line":18,"column":null}},"8":{"start":{"line":9,"column":6},"end":{"line":9,"column":26}},"9":{"start":{"line":11,"column":6},"end":{"line":11,"column":28}},"10":{"start":{"line":13,"column":6},"end":{"line":13,"column":27}},"11":{"start":{"line":15,"column":6},"end":{"line":15,"column":28}},"12":{"start":{"line":17,"column":6},"end":{"line":17,"column":26}},"13":{"start":{"line":21,"column":26},"end":{"line":21,"column":41}}},"fnMap":{"0":{"name":"(anonymous_0)","decl":{"start":{"line":2,"column":24},"end":{"line":2,"column":25}},"loc":{"start":{"line":2,"column":44},"end":{"line":19,"column":1}}}},"branchMap":{"0":{"loc":{"start":{"line":7,"column":2},"end":{"line":18,"column":null}},"type":"switch","locations":[{"start":{"line":8,"column":4},"end":{"line":9,"column":26}},{"start":{"line":10,"column":4},"end":{"line":11,"column":28}},{"start":{"line":12,"column":4},"end":{"line":13,"column":27}},{"start":{"line":14,"column":4},"end":{"line":15,"column":28}},{"start":{"line":16,"column":4},"end":{"line":17,"column":26}}]}},"s":{"0":1,"1":1,"2":1,"3":0,"4":0,"5":0,"6":0,"7":0,"8":0,"9":0,"10":0,"11":0,"12":0,"13":1},"f":{"0":0},"b":{"0":[0,0,0,0,0]}}
,"/Users/space-be/Desktop/DEV/forbitswap-nfts-api-v2/src/constant/changePrice.constant.ts": {"path":"/Users/space-be/Desktop/DEV/forbitswap-nfts-api-v2/src/constant/changePrice.constant.ts","statementMap":{"0":{"start":{"line":1,"column":13},"end":{"line":44,"column":2}}},"fnMap":{},"branchMap":{},"s":{"0":1},"f":{},"b":{}}
,"/Users/space-be/Desktop/DEV/forbitswap-nfts-api-v2/src/constant/condition.constant.ts": {"path":"/Users/space-be/Desktop/DEV/forbitswap-nfts-api-v2/src/constant/condition.constant.ts","statementMap":{"0":{"start":{"line":1,"column":29},"end":{"line":16,"column":1}},"1":{"start":{"line":2,"column":1},"end":{"line":15,"column":null}},"2":{"start":{"line":4,"column":3},"end":{"line":4,"column":29}},"3":{"start":{"line":6,"column":3},"end":{"line":6,"column":28}},"4":{"start":{"line":8,"column":3},"end":{"line":8,"column":29}},"5":{"start":{"line":10,"column":3},"end":{"line":10,"column":28}},"6":{"start":{"line":12,"column":3},"end":{"line":12,"column":29}},"7":{"start":{"line":14,"column":3},"end":{"line":14,"column":28}},"8":{"start":{"line":1,"column":13},"end":{"line":1,"column":29}},"9":{"start":{"line":18,"column":34},"end":{"line":25,"column":1}},"10":{"start":{"line":19,"column":1},"end":{"line":24,"column":null}},"11":{"start":{"line":21,"column":3},"end":{"line":21,"column":25}},"12":{"start":{"line":23,"column":3},"end":{"line":23,"column":26}},"13":{"start":{"line":18,"column":13},"end":{"line":18,"column":34}}},"fnMap":{"0":{"name":"(anonymous_0)","decl":{"start":{"line":1,"column":29},"end":{"line":1,"column":30}},"loc":{"start":{"line":1,"column":71},"end":{"line":16,"column":1}}},"1":{"name":"(anonymous_1)","decl":{"start":{"line":18,"column":34},"end":{"line":18,"column":35}},"loc":{"start":{"line":18,"column":75},"end":{"line":25,"column":1}}}},"branchMap":{"0":{"loc":{"start":{"line":2,"column":1},"end":{"line":15,"column":null}},"type":"switch","locations":[{"start":{"line":3,"column":2},"end":{"line":4,"column":29}},{"start":{"line":5,"column":2},"end":{"line":6,"column":28}},{"start":{"line":7,"column":2},"end":{"line":8,"column":29}},{"start":{"line":9,"column":2},"end":{"line":10,"column":28}},{"start":{"line":11,"column":2},"end":{"line":12,"column":29}},{"start":{"line":13,"column":2},"end":{"line":14,"column":28}}]},"1":{"loc":{"start":{"line":19,"column":1},"end":{"line":24,"column":null}},"type":"switch","locations":[{"start":{"line":20,"column":2},"end":{"line":21,"column":25}},{"start":{"line":22,"column":2},"end":{"line":23,"column":26}}]}},"s":{"0":1,"1":0,"2":0,"3":0,"4":0,"5":0,"6":0,"7":0,"8":1,"9":1,"10":0,"11":0,"12":0,"13":1},"f":{"0":0,"1":0},"b":{"0":[0,0,0,0,0,0],"1":[0,0]}}
,"/Users/space-be/Desktop/DEV/forbitswap-nfts-api-v2/src/constant/contract.constant.ts": {"path":"/Users/space-be/Desktop/DEV/forbitswap-nfts-api-v2/src/constant/contract.constant.ts","statementMap":{"0":{"start":{"line":1,"column":13},"end":{"line":5,"column":2}},"1":{"start":{"line":7,"column":13},"end":{"line":11,"column":2}}},"fnMap":{},"branchMap":{},"s":{"0":1,"1":1},"f":{},"b":{}}
,"/Users/space-be/Desktop/DEV/forbitswap-nfts-api-v2/src/constant/default.constant.ts": {"path":"/Users/space-be/Desktop/DEV/forbitswap-nfts-api-v2/src/constant/default.constant.ts","statementMap":{"0":{"start":{"line":1,"column":13},"end":{"line":2,"column":65}},"1":{"start":{"line":4,"column":13},"end":{"line":4,"column":37}},"2":{"start":{"line":6,"column":13},"end":{"line":6,"column":73}},"3":{"start":{"line":8,"column":13},"end":{"line":8,"column":39}},"4":{"start":{"line":10,"column":13},"end":{"line":10,"column":37}}},"fnMap":{},"branchMap":{},"s":{"0":1,"1":1,"2":1,"3":1,"4":1},"f":{},"b":{}}
,"/Users/space-be/Desktop/DEV/forbitswap-nfts-api-v2/src/constant/item.constant.ts": {"path":"/Users/space-be/Desktop/DEV/forbitswap-nfts-api-v2/src/constant/item.constant.ts","statementMap":{"0":{"start":{"line":1,"column":13},"end":{"line":7,"column":2}},"1":{"start":{"line":9,"column":13},"end":{"line":14,"column":2}}},"fnMap":{},"branchMap":{},"s":{"0":1,"1":1},"f":{},"b":{}}
,"/Users/space-be/Desktop/DEV/forbitswap-nfts-api-v2/src/controllers/buy.controllers.ts": {"path":"/Users/space-be/Desktop/DEV/forbitswap-nfts-api-v2/src/controllers/buy.controllers.ts","statementMap":{"0":{"start":{"line":2,"column":0},"end":{"line":2,"column":72}},"1":{"start":{"line":3,"column":0},"end":{"line":3,"column":64}},"2":{"start":{"line":4,"column":0},"end":{"line":4,"column":72}},"3":{"start":{"line":5,"column":0},"end":{"line":5,"column":65}},"4":{"start":{"line":6,"column":0},"end":{"line":6,"column":66}},"5":{"start":{"line":9,"column":28},"end":{"line":96,"column":2}},"6":{"start":{"line":9,"column":66},"end":{"line":96,"column":2}},"7":{"start":{"line":40,"column":5},"end":{"line":40,"column":13}},"8":{"start":{"line":42,"column":21},"end":{"line":42,"column":31}},"9":{"start":{"line":44,"column":19},"end":{"line":49,"column":null}},"10":{"start":{"line":52,"column":1},"end":{"line":93,"column":23}},"11":{"start":{"line":53,"column":20},"end":{"line":59,"column":null}},"12":{"start":{"line":62,"column":19},"end":{"line":83,"column":null}},"13":{"start":{"line":86,"column":26},"end":{"line":86,"column":63}},"14":{"start":{"line":89,"column":2},"end":{"line":92,"column":72}},"15":{"start":{"line":90,"column":3},"end":{"line":92,"column":72}},"16":{"start":{"line":95,"column":1},"end":{"line":95,"column":55}},"17":{"start":{"line":98,"column":9},"end":{"line":98,"column":28}}},"fnMap":{"0":{"name":"(anonymous_7)","decl":{"start":{"line":9,"column":28},"end":{"line":9,"column":35}},"loc":{"start":{"line":9,"column":66},"end":{"line":96,"column":2}}},"1":{"name":"(anonymous_8)","decl":{"start":{"line":9,"column":66},"end":{"line":9,"column":null}},"loc":{"start":{"line":9,"column":66},"end":{"line":96,"column":1}}}},"branchMap":{"0":{"loc":{"start":{"line":89,"column":2},"end":{"line":92,"column":72}},"type":"if","locations":[{"start":{"line":89,"column":2},"end":{"line":92,"column":72}}]},"1":{"loc":{"start":{"line":89,"column":6},"end":{"line":89,"column":33}},"type":"binary-expr","locations":[{"start":{"line":89,"column":6},"end":{"line":89,"column":14}},{"start":{"line":89,"column":18},"end":{"line":89,"column":33}}]}},"s":{"0":1,"1":1,"2":1,"3":1,"4":1,"5":1,"6":0,"7":0,"8":0,"9":0,"10":0,"11":0,"12":0,"13":0,"14":0,"15":0,"16":0,"17":1},"f":{"0":0,"1":0},"b":{"0":[0],"1":[0,0]}}
,"/Users/space-be/Desktop/DEV/forbitswap-nfts-api-v2/src/controllers/collection.controllers.ts": {"path":"/Users/space-be/Desktop/DEV/forbitswap-nfts-api-v2/src/controllers/collection.controllers.ts","statementMap":{"0":{"start":{"line":2,"column":0},"end":{"line":2,"column":null}},"1":{"start":{"line":11,"column":35},"end":{"line":34,"column":2}},"2":{"start":{"line":11,"column":73},"end":{"line":34,"column":2}},"3":{"start":{"line":12,"column":34},"end":{"line":12,"column":44}},"4":{"start":{"line":13,"column":90},"end":{"line":13,"column":98}},"5":{"start":{"line":15,"column":1},"end":{"line":32,"column":null}},"6":{"start":{"line":16,"column":21},"end":{"line":25,"column":null}},"7":{"start":{"line":27,"column":2},"end":{"line":29,"column":null}},"8":{"start":{"line":28,"column":3},"end":{"line":28,"column":43}},"9":{"start":{"line":31,"column":2},"end":{"line":31,"column":56}},"10":{"start":{"line":33,"column":1},"end":{"line":33,"column":52}},"11":{"start":{"line":107,"column":1},"end":{"line":107,"column":27}},"12":{"start":{"line":37,"column":35},"end":{"line":57,"column":2}},"13":{"start":{"line":37,"column":73},"end":{"line":57,"column":2}},"14":{"start":{"line":38,"column":35},"end":{"line":38,"column":45}},"15":{"start":{"line":39,"column":68},"end":{"line":39,"column":76}},"16":{"start":{"line":41,"column":1},"end":{"line":56,"column":null}},"17":{"start":{"line":42,"column":21},"end":{"line":49,"column":null}},"18":{"start":{"line":51,"column":2},"end":{"line":53,"column":74}},"19":{"start":{"line":52,"column":3},"end":{"line":52,"column":36}},"20":{"start":{"line":53,"column":9},"end":{"line":53,"column":74}},"21":{"start":{"line":55,"column":2},"end":{"line":55,"column":45}},"22":{"start":{"line":108,"column":1},"end":{"line":108,"column":27}},"23":{"start":{"line":59,"column":41},"end":{"line":80,"column":2}},"24":{"start":{"line":59,"column":79},"end":{"line":80,"column":2}},"25":{"start":{"line":60,"column":39},"end":{"line":60,"column":49}},"26":{"start":{"line":61,"column":26},"end":{"line":61,"column":47}},"27":{"start":{"line":62,"column":29},"end":{"line":62,"column":53}},"28":{"start":{"line":63,"column":33},"end":{"line":63,"column":61}},"29":{"start":{"line":64,"column":19},"end":{"line":64,"column":33}},"30":{"start":{"line":66,"column":1},"end":{"line":79,"column":null}},"31":{"start":{"line":67,"column":22},"end":{"line":74,"column":null}},"32":{"start":{"line":76,"column":2},"end":{"line":76,"column":43}},"33":{"start":{"line":78,"column":2},"end":{"line":78,"column":56}},"34":{"start":{"line":109,"column":1},"end":{"line":109,"column":33}},"35":{"start":{"line":82,"column":36},"end":{"line":94,"column":2}},"36":{"start":{"line":82,"column":74},"end":{"line":94,"column":2}},"37":{"start":{"line":83,"column":35},"end":{"line":83,"column":45}},"38":{"start":{"line":85,"column":1},"end":{"line":93,"column":null}},"39":{"start":{"line":86,"column":21},"end":{"line":89,"column":4}},"40":{"start":{"line":90,"column":2},"end":{"line":90,"column":42}},"41":{"start":{"line":92,"column":2},"end":{"line":92,"column":56}},"42":{"start":{"line":110,"column":1},"end":{"line":110,"column":28}},"43":{"start":{"line":96,"column":35},"end":{"line":104,"column":2}},"44":{"start":{"line":96,"column":73},"end":{"line":104,"column":2}},"45":{"start":{"line":97,"column":1},"end":{"line":103,"column":null}},"46":{"start":{"line":98,"column":35},"end":{"line":98,"column":45}},"47":{"start":{"line":99,"column":22},"end":{"line":99,"column":103}},"48":{"start":{"line":100,"column":2},"end":{"line":100,"column":43}},"49":{"start":{"line":102,"column":2},"end":{"line":102,"column":56}},"50":{"start":{"line":111,"column":1},"end":{"line":111,"column":27}}},"fnMap":{"0":{"name":"(anonymous_7)","decl":{"start":{"line":11,"column":35},"end":{"line":11,"column":42}},"loc":{"start":{"line":11,"column":73},"end":{"line":34,"column":2}}},"1":{"name":"(anonymous_8)","decl":{"start":{"line":11,"column":73},"end":{"line":11,"column":null}},"loc":{"start":{"line":11,"column":73},"end":{"line":34,"column":1}}},"2":{"name":"(anonymous_9)","decl":{"start":{"line":37,"column":35},"end":{"line":37,"column":42}},"loc":{"start":{"line":37,"column":73},"end":{"line":57,"column":2}}},"3":{"name":"(anonymous_10)","decl":{"start":{"line":37,"column":73},"end":{"line":37,"column":null}},"loc":{"start":{"line":37,"column":73},"end":{"line":57,"column":1}}},"4":{"name":"(anonymous_11)","decl":{"start":{"line":59,"column":41},"end":{"line":59,"column":48}},"loc":{"start":{"line":59,"column":79},"end":{"line":80,"column":2}}},"5":{"name":"(anonymous_12)","decl":{"start":{"line":59,"column":79},"end":{"line":59,"column":null}},"loc":{"start":{"line":59,"column":79},"end":{"line":80,"column":1}}},"6":{"name":"(anonymous_13)","decl":{"start":{"line":82,"column":36},"end":{"line":82,"column":43}},"loc":{"start":{"line":82,"column":74},"end":{"line":94,"column":2}}},"7":{"name":"(anonymous_14)","decl":{"start":{"line":82,"column":74},"end":{"line":82,"column":null}},"loc":{"start":{"line":82,"column":74},"end":{"line":94,"column":1}}},"8":{"name":"(anonymous_15)","decl":{"start":{"line":96,"column":35},"end":{"line":96,"column":42}},"loc":{"start":{"line":96,"column":73},"end":{"line":104,"column":2}}},"9":{"name":"(anonymous_16)","decl":{"start":{"line":96,"column":73},"end":{"line":96,"column":null}},"loc":{"start":{"line":96,"column":73},"end":{"line":104,"column":1}}}},"branchMap":{"0":{"loc":{"start":{"line":27,"column":2},"end":{"line":29,"column":null}},"type":"if","locations":[{"start":{"line":27,"column":2},"end":{"line":29,"column":null}}]},"1":{"loc":{"start":{"line":51,"column":2},"end":{"line":53,"column":74}},"type":"if","locations":[{"start":{"line":51,"column":2},"end":{"line":53,"column":74}},{"start":{"line":53,"column":9},"end":{"line":53,"column":74}}]}},"s":{"0":1,"1":1,"2":0,"3":0,"4":0,"5":0,"6":0,"7":0,"8":0,"9":0,"10":0,"11":1,"12":1,"13":0,"14":0,"15":0,"16":0,"17":0,"18":0,"19":0,"20":0,"21":0,"22":1,"23":1,"24":0,"25":0,"26":0,"27":0,"28":0,"29":0,"30":0,"31":0,"32":0,"33":0,"34":1,"35":1,"36":0,"37":0,"38":0,"39":0,"40":0,"41":0,"42":1,"43":1,"44":0,"45":0,"46":0,"47":0,"48":0,"49":0,"50":1},"f":{"0":0,"1":0,"2":0,"3":0,"4":0,"5":0,"6":0,"7":0,"8":0,"9":0},"b":{"0":[0],"1":[0,0]}}
,"/Users/space-be/Desktop/DEV/forbitswap-nfts-api-v2/src/controllers/history.controllers.ts": {"path":"/Users/space-be/Desktop/DEV/forbitswap-nfts-api-v2/src/controllers/history.controllers.ts","statementMap":{"0":{"start":{"line":2,"column":0},"end":{"line":2,"column":null}},"1":{"start":{"line":10,"column":37},"end":{"line":18,"column":2}},"2":{"start":{"line":10,"column":75},"end":{"line":18,"column":2}},"3":{"start":{"line":11,"column":25},"end":{"line":11,"column":35}},"4":{"start":{"line":12,"column":1},"end":{"line":17,"column":null}},"5":{"start":{"line":13,"column":18},"end":{"line":13,"column":72}},"6":{"start":{"line":14,"column":2},"end":{"line":14,"column":39}},"7":{"start":{"line":16,"column":2},"end":{"line":16,"column":56}},"8":{"start":{"line":92,"column":1},"end":{"line":92,"column":29}},"9":{"start":{"line":20,"column":41},"end":{"line":28,"column":2}},"10":{"start":{"line":20,"column":79},"end":{"line":28,"column":2}},"11":{"start":{"line":21,"column":41},"end":{"line":21,"column":51}},"12":{"start":{"line":22,"column":1},"end":{"line":27,"column":null}},"13":{"start":{"line":23,"column":18},"end":{"line":23,"column":112}},"14":{"start":{"line":24,"column":2},"end":{"line":24,"column":39}},"15":{"start":{"line":26,"column":2},"end":{"line":26,"column":56}},"16":{"start":{"line":93,"column":1},"end":{"line":93,"column":33}},"17":{"start":{"line":30,"column":33},"end":{"line":38,"column":2}},"18":{"start":{"line":30,"column":71},"end":{"line":38,"column":2}},"19":{"start":{"line":31,"column":23},"end":{"line":31,"column":33}},"20":{"start":{"line":32,"column":1},"end":{"line":37,"column":null}},"21":{"start":{"line":33,"column":18},"end":{"line":33,"column":64}},"22":{"start":{"line":34,"column":2},"end":{"line":34,"column":39}},"23":{"start":{"line":36,"column":2},"end":{"line":36,"column":56}},"24":{"start":{"line":94,"column":1},"end":{"line":94,"column":25}},"25":{"start":{"line":41,"column":35},"end":{"line":63,"column":2}},"26":{"start":{"line":41,"column":73},"end":{"line":63,"column":2}},"27":{"start":{"line":42,"column":78},"end":{"line":42,"column":86}},"28":{"start":{"line":43,"column":1},"end":{"line":60,"column":null}},"29":{"start":{"line":44,"column":18},"end":{"line":53,"column":null}},"30":{"start":{"line":55,"column":2},"end":{"line":57,"column":null}},"31":{"start":{"line":56,"column":3},"end":{"line":56,"column":40}},"32":{"start":{"line":59,"column":2},"end":{"line":59,"column":54}},"33":{"start":{"line":62,"column":1},"end":{"line":62,"column":64}},"34":{"start":{"line":96,"column":1},"end":{"line":96,"column":27}},"35":{"start":{"line":65,"column":36},"end":{"line":87,"column":2}},"36":{"start":{"line":65,"column":74},"end":{"line":87,"column":2}},"37":{"start":{"line":66,"column":78},"end":{"line":66,"column":86}},"38":{"start":{"line":67,"column":1},"end":{"line":84,"column":null}},"39":{"start":{"line":68,"column":18},"end":{"line":77,"column":null}},"40":{"start":{"line":79,"column":2},"end":{"line":81,"column":null}},"41":{"start":{"line":80,"column":3},"end":{"line":80,"column":40}},"42":{"start":{"line":83,"column":2},"end":{"line":83,"column":54}},"43":{"start":{"line":86,"column":1},"end":{"line":86,"column":64}},"44":{"start":{"line":95,"column":1},"end":{"line":95,"column":28}}},"fnMap":{"0":{"name":"(anonymous_7)","decl":{"start":{"line":10,"column":37},"end":{"line":10,"column":44}},"loc":{"start":{"line":10,"column":75},"end":{"line":18,"column":2}}},"1":{"name":"(anonymous_8)","decl":{"start":{"line":10,"column":75},"end":{"line":10,"column":null}},"loc":{"start":{"line":10,"column":75},"end":{"line":18,"column":1}}},"2":{"name":"(anonymous_9)","decl":{"start":{"line":20,"column":41},"end":{"line":20,"column":48}},"loc":{"start":{"line":20,"column":79},"end":{"line":28,"column":2}}},"3":{"name":"(anonymous_10)","decl":{"start":{"line":20,"column":79},"end":{"line":20,"column":null}},"loc":{"start":{"line":20,"column":79},"end":{"line":28,"column":1}}},"4":{"name":"(anonymous_11)","decl":{"start":{"line":30,"column":33},"end":{"line":30,"column":40}},"loc":{"start":{"line":30,"column":71},"end":{"line":38,"column":2}}},"5":{"name":"(anonymous_12)","decl":{"start":{"line":30,"column":71},"end":{"line":30,"column":null}},"loc":{"start":{"line":30,"column":71},"end":{"line":38,"column":1}}},"6":{"name":"(anonymous_13)","decl":{"start":{"line":41,"column":35},"end":{"line":41,"column":42}},"loc":{"start":{"line":41,"column":73},"end":{"line":63,"column":2}}},"7":{"name":"(anonymous_14)","decl":{"start":{"line":41,"column":73},"end":{"line":41,"column":null}},"loc":{"start":{"line":41,"column":73},"end":{"line":63,"column":1}}},"8":{"name":"(anonymous_15)","decl":{"start":{"line":65,"column":36},"end":{"line":65,"column":43}},"loc":{"start":{"line":65,"column":74},"end":{"line":87,"column":2}}},"9":{"name":"(anonymous_16)","decl":{"start":{"line":65,"column":74},"end":{"line":65,"column":null}},"loc":{"start":{"line":65,"column":74},"end":{"line":87,"column":1}}}},"branchMap":{"0":{"loc":{"start":{"line":55,"column":2},"end":{"line":57,"column":null}},"type":"if","locations":[{"start":{"line":55,"column":2},"end":{"line":57,"column":null}}]},"1":{"loc":{"start":{"line":79,"column":2},"end":{"line":81,"column":null}},"type":"if","locations":[{"start":{"line":79,"column":2},"end":{"line":81,"column":null}}]}},"s":{"0":1,"1":1,"2":0,"3":0,"4":0,"5":0,"6":0,"7":0,"8":1,"9":1,"10":0,"11":0,"12":0,"13":0,"14":0,"15":0,"16":1,"17":1,"18":0,"19":0,"20":0,"21":0,"22":0,"23":0,"24":1,"25":1,"26":0,"27":0,"28":0,"29":0,"30":0,"31":0,"32":0,"33":0,"34":1,"35":1,"36":0,"37":0,"38":0,"39":0,"40":0,"41":0,"42":0,"43":0,"44":1},"f":{"0":0,"1":0,"2":0,"3":0,"4":0,"5":0,"6":0,"7":0,"8":0,"9":0},"b":{"0":[0],"1":[0]}}
,"/Users/space-be/Desktop/DEV/forbitswap-nfts-api-v2/src/controllers/item.controllers.ts": {"path":"/Users/space-be/Desktop/DEV/forbitswap-nfts-api-v2/src/controllers/item.controllers.ts","statementMap":{"0":{"start":{"line":2,"column":0},"end":{"line":2,"column":68}},"1":{"start":{"line":6,"column":0},"end":{"line":6,"column":null}},"2":{"start":{"line":19,"column":0},"end":{"line":19,"column":66}},"3":{"start":{"line":20,"column":0},"end":{"line":20,"column":63}},"4":{"start":{"line":21,"column":0},"end":{"line":21,"column":60}},"5":{"start":{"line":23,"column":29},"end":{"line":82,"column":2}},"6":{"start":{"line":23,"column":67},"end":{"line":82,"column":2}},"7":{"start":{"line":24,"column":1},"end":{"line":80,"column":null}},"8":{"start":{"line":25,"column":18},"end":{"line":25,"column":46}},"9":{"start":{"line":38,"column":6},"end":{"line":38,"column":14}},"10":{"start":{"line":40,"column":18},"end":{"line":40,"column":57}},"11":{"start":{"line":43,"column":15},"end":{"line":57,"column":null}},"12":{"start":{"line":59,"column":2},"end":{"line":59,"column":40}},"13":{"start":{"line":60,"column":18},"end":{"line":69,"column":null}},"14":{"start":{"line":72,"column":2},"end":{"line":77,"column":null}},"15":{"start":{"line":76,"column":3},"end":{"line":76,"column":37}},"16":{"start":{"line":79,"column":2},"end":{"line":79,"column":56}},"17":{"start":{"line":81,"column":1},"end":{"line":81,"column":61}},"18":{"start":{"line":270,"column":1},"end":{"line":270,"column":21}},"19":{"start":{"line":84,"column":30},"end":{"line":95,"column":2}},"20":{"start":{"line":84,"column":68},"end":{"line":95,"column":2}},"21":{"start":{"line":85,"column":16},"end":{"line":85,"column":26}},"22":{"start":{"line":86,"column":1},"end":{"line":93,"column":null}},"23":{"start":{"line":87,"column":15},"end":{"line":87,"column":43}},"24":{"start":{"line":88,"column":2},"end":{"line":90,"column":null}},"25":{"start":{"line":89,"column":3},"end":{"line":89,"column":37}},"26":{"start":{"line":92,"column":2},"end":{"line":92,"column":56}},"27":{"start":{"line":94,"column":1},"end":{"line":94,"column":58}},"28":{"start":{"line":271,"column":1},"end":{"line":271,"column":22}},"29":{"start":{"line":97,"column":28},"end":{"line":126,"column":2}},"30":{"start":{"line":97,"column":66},"end":{"line":126,"column":2}},"31":{"start":{"line":98,"column":21},"end":{"line":98,"column":31}},"32":{"start":{"line":99,"column":23},"end":{"line":99,"column":41}},"33":{"start":{"line":100,"column":20},"end":{"line":100,"column":35}},"34":{"start":{"line":101,"column":22},"end":{"line":101,"column":39}},"35":{"start":{"line":102,"column":27},"end":{"line":102,"column":49}},"36":{"start":{"line":103,"column":27},"end":{"line":103,"column":49}},"37":{"start":{"line":104,"column":21},"end":{"line":104,"column":37}},"38":{"start":{"line":105,"column":23},"end":{"line":105,"column":41}},"39":{"start":{"line":106,"column":23},"end":{"line":106,"column":41}},"40":{"start":{"line":107,"column":23},"end":{"line":107,"column":41}},"41":{"start":{"line":109,"column":1},"end":{"line":125,"column":null}},"42":{"start":{"line":110,"column":19},"end":{"line":120,"column":null}},"43":{"start":{"line":122,"column":2},"end":{"line":122,"column":50}},"44":{"start":{"line":124,"column":2},"end":{"line":124,"column":56}},"45":{"start":{"line":272,"column":1},"end":{"line":272,"column":20}},"46":{"start":{"line":128,"column":34},"end":{"line":162,"column":2}},"47":{"start":{"line":128,"column":72},"end":{"line":162,"column":2}},"48":{"start":{"line":129,"column":39},"end":{"line":129,"column":49}},"49":{"start":{"line":130,"column":23},"end":{"line":130,"column":41}},"50":{"start":{"line":131,"column":20},"end":{"line":131,"column":35}},"51":{"start":{"line":132,"column":22},"end":{"line":132,"column":39}},"52":{"start":{"line":133,"column":27},"end":{"line":133,"column":49}},"53":{"start":{"line":134,"column":27},"end":{"line":134,"column":49}},"54":{"start":{"line":135,"column":21},"end":{"line":135,"column":37}},"55":{"start":{"line":136,"column":23},"end":{"line":136,"column":41}},"56":{"start":{"line":137,"column":23},"end":{"line":137,"column":41}},"57":{"start":{"line":138,"column":23},"end":{"line":138,"column":41}},"58":{"start":{"line":139,"column":24},"end":{"line":139,"column":43}},"59":{"start":{"line":140,"column":19},"end":{"line":140,"column":33}},"60":{"start":{"line":141,"column":1},"end":{"line":161,"column":null}},"61":{"start":{"line":142,"column":19},"end":{"line":156,"column":null}},"62":{"start":{"line":158,"column":2},"end":{"line":158,"column":40}},"63":{"start":{"line":160,"column":2},"end":{"line":160,"column":56}},"64":{"start":{"line":278,"column":1},"end":{"line":278,"column":26}},"65":{"start":{"line":164,"column":29},"end":{"line":176,"column":2}},"66":{"start":{"line":164,"column":67},"end":{"line":176,"column":2}},"67":{"start":{"line":165,"column":16},"end":{"line":165,"column":26}},"68":{"start":{"line":166,"column":56},"end":{"line":166,"column":64}},"69":{"start":{"line":168,"column":1},"end":{"line":174,"column":null}},"70":{"start":{"line":169,"column":15},"end":{"line":169,"column":86}},"71":{"start":{"line":171,"column":2},"end":{"line":171,"column":36}},"72":{"start":{"line":173,"column":2},"end":{"line":173,"column":29}},"73":{"start":{"line":175,"column":1},"end":{"line":175,"column":61}},"74":{"start":{"line":273,"column":1},"end":{"line":273,"column":21}},"75":{"start":{"line":178,"column":29},"end":{"line":189,"column":2}},"76":{"start":{"line":178,"column":67},"end":{"line":189,"column":2}},"77":{"start":{"line":179,"column":16},"end":{"line":179,"column":26}},"78":{"start":{"line":180,"column":18},"end":{"line":180,"column":35}},"79":{"start":{"line":182,"column":1},"end":{"line":187,"column":null}},"80":{"start":{"line":183,"column":15},"end":{"line":183,"column":52}},"81":{"start":{"line":184,"column":2},"end":{"line":184,"column":36}},"82":{"start":{"line":186,"column":2},"end":{"line":186,"column":29}},"83":{"start":{"line":188,"column":1},"end":{"line":188,"column":61}},"84":{"start":{"line":274,"column":1},"end":{"line":274,"column":21}},"85":{"start":{"line":191,"column":35},"end":{"line":202,"column":2}},"86":{"start":{"line":191,"column":73},"end":{"line":202,"column":2}},"87":{"start":{"line":192,"column":16},"end":{"line":192,"column":26}},"88":{"start":{"line":193,"column":32},"end":{"line":193,"column":51}},"89":{"start":{"line":194,"column":1},"end":{"line":200,"column":null}},"90":{"start":{"line":195,"column":2},"end":{"line":195,"column":48}},"91":{"start":{"line":197,"column":2},"end":{"line":197,"column":59}},"92":{"start":{"line":199,"column":2},"end":{"line":199,"column":29}},"93":{"start":{"line":201,"column":1},"end":{"line":201,"column":67}},"94":{"start":{"line":275,"column":1},"end":{"line":275,"column":27}},"95":{"start":{"line":204,"column":35},"end":{"line":214,"column":2}},"96":{"start":{"line":204,"column":73},"end":{"line":214,"column":2}},"97":{"start":{"line":205,"column":16},"end":{"line":205,"column":26}},"98":{"start":{"line":206,"column":30},"end":{"line":206,"column":49}},"99":{"start":{"line":207,"column":1},"end":{"line":212,"column":null}},"100":{"start":{"line":208,"column":2},"end":{"line":208,"column":48}},"101":{"start":{"line":209,"column":2},"end":{"line":209,"column":59}},"102":{"start":{"line":211,"column":2},"end":{"line":211,"column":29}},"103":{"start":{"line":213,"column":1},"end":{"line":213,"column":67}},"104":{"start":{"line":276,"column":1},"end":{"line":276,"column":27}},"105":{"start":{"line":216,"column":35},"end":{"line":226,"column":2}},"106":{"start":{"line":216,"column":73},"end":{"line":226,"column":2}},"107":{"start":{"line":217,"column":16},"end":{"line":217,"column":26}},"108":{"start":{"line":218,"column":33},"end":{"line":218,"column":52}},"109":{"start":{"line":219,"column":1},"end":{"line":224,"column":null}},"110":{"start":{"line":220,"column":2},"end":{"line":220,"column":48}},"111":{"start":{"line":221,"column":2},"end":{"line":221,"column":59}},"112":{"start":{"line":223,"column":2},"end":{"line":223,"column":29}},"113":{"start":{"line":225,"column":1},"end":{"line":225,"column":67}},"114":{"start":{"line":277,"column":1},"end":{"line":277,"column":27}},"115":{"start":{"line":234,"column":45},"end":{"line":247,"column":2}},"116":{"start":{"line":234,"column":83},"end":{"line":247,"column":2}},"117":{"start":{"line":235,"column":1},"end":{"line":246,"column":null}},"118":{"start":{"line":236,"column":44},"end":{"line":236,"column":54}},"119":{"start":{"line":238,"column":30},"end":{"line":238,"column":105}},"120":{"start":{"line":240,"column":2},"end":{"line":242,"column":null}},"121":{"start":{"line":241,"column":3},"end":{"line":241,"column":72}},"122":{"start":{"line":243,"column":2},"end":{"line":243,"column":61}},"123":{"start":{"line":245,"column":2},"end":{"line":245,"column":51}},"124":{"start":{"line":279,"column":1},"end":{"line":279,"column":37}},"125":{"start":{"line":255,"column":43},"end":{"line":267,"column":2}},"126":{"start":{"line":255,"column":81},"end":{"line":267,"column":2}},"127":{"start":{"line":256,"column":1},"end":{"line":266,"column":null}},"128":{"start":{"line":257,"column":23},"end":{"line":257,"column":33}},"129":{"start":{"line":258,"column":2},"end":{"line":258,"column":78}},"130":{"start":{"line":258,"column":17},"end":{"line":258,"column":78}},"131":{"start":{"line":259,"column":19},"end":{"line":259,"column":76}},"132":{"start":{"line":260,"column":2},"end":{"line":262,"column":null}},"133":{"start":{"line":261,"column":3},"end":{"line":261,"column":71}},"134":{"start":{"line":263,"column":2},"end":{"line":263,"column":50}},"135":{"start":{"line":265,"column":2},"end":{"line":265,"column":51}},"136":{"start":{"line":280,"column":1},"end":{"line":280,"column":35}}},"fnMap":{"0":{"name":"(anonymous_7)","decl":{"start":{"line":23,"column":29},"end":{"line":23,"column":36}},"loc":{"start":{"line":23,"column":67},"end":{"line":82,"column":2}}},"1":{"name":"(anonymous_8)","decl":{"start":{"line":23,"column":67},"end":{"line":23,"column":null}},"loc":{"start":{"line":23,"column":67},"end":{"line":82,"column":1}}},"2":{"name":"(anonymous_9)","decl":{"start":{"line":84,"column":30},"end":{"line":84,"column":37}},"loc":{"start":{"line":84,"column":68},"end":{"line":95,"column":2}}},"3":{"name":"(anonymous_10)","decl":{"start":{"line":84,"column":68},"end":{"line":84,"column":null}},"loc":{"start":{"line":84,"column":68},"end":{"line":95,"column":1}}},"4":{"name":"(anonymous_11)","decl":{"start":{"line":97,"column":28},"end":{"line":97,"column":35}},"loc":{"start":{"line":97,"column":66},"end":{"line":126,"column":2}}},"5":{"name":"(anonymous_12)","decl":{"start":{"line":97,"column":66},"end":{"line":97,"column":null}},"loc":{"start":{"line":97,"column":66},"end":{"line":126,"column":1}}},"6":{"name":"(anonymous_13)","decl":{"start":{"line":128,"column":34},"end":{"line":128,"column":41}},"loc":{"start":{"line":128,"column":72},"end":{"line":162,"column":2}}},"7":{"name":"(anonymous_14)","decl":{"start":{"line":128,"column":72},"end":{"line":128,"column":null}},"loc":{"start":{"line":128,"column":72},"end":{"line":162,"column":1}}},"8":{"name":"(anonymous_15)","decl":{"start":{"line":164,"column":29},"end":{"line":164,"column":36}},"loc":{"start":{"line":164,"column":67},"end":{"line":176,"column":2}}},"9":{"name":"(anonymous_16)","decl":{"start":{"line":164,"column":67},"end":{"line":164,"column":null}},"loc":{"start":{"line":164,"column":67},"end":{"line":176,"column":1}}},"10":{"name":"(anonymous_17)","decl":{"start":{"line":178,"column":29},"end":{"line":178,"column":36}},"loc":{"start":{"line":178,"column":67},"end":{"line":189,"column":2}}},"11":{"name":"(anonymous_18)","decl":{"start":{"line":178,"column":67},"end":{"line":178,"column":null}},"loc":{"start":{"line":178,"column":67},"end":{"line":189,"column":1}}},"12":{"name":"(anonymous_19)","decl":{"start":{"line":191,"column":35},"end":{"line":191,"column":42}},"loc":{"start":{"line":191,"column":73},"end":{"line":202,"column":2}}},"13":{"name":"(anonymous_20)","decl":{"start":{"line":191,"column":73},"end":{"line":191,"column":null}},"loc":{"start":{"line":191,"column":73},"end":{"line":202,"column":1}}},"14":{"name":"(anonymous_21)","decl":{"start":{"line":204,"column":35},"end":{"line":204,"column":42}},"loc":{"start":{"line":204,"column":73},"end":{"line":214,"column":2}}},"15":{"name":"(anonymous_22)","decl":{"start":{"line":204,"column":73},"end":{"line":204,"column":null}},"loc":{"start":{"line":204,"column":73},"end":{"line":214,"column":1}}},"16":{"name":"(anonymous_23)","decl":{"start":{"line":216,"column":35},"end":{"line":216,"column":42}},"loc":{"start":{"line":216,"column":73},"end":{"line":226,"column":2}}},"17":{"name":"(anonymous_24)","decl":{"start":{"line":216,"column":73},"end":{"line":216,"column":null}},"loc":{"start":{"line":216,"column":73},"end":{"line":226,"column":1}}},"18":{"name":"(anonymous_25)","decl":{"start":{"line":234,"column":45},"end":{"line":234,"column":52}},"loc":{"start":{"line":234,"column":83},"end":{"line":247,"column":2}}},"19":{"name":"(anonymous_26)","decl":{"start":{"line":234,"column":83},"end":{"line":234,"column":null}},"loc":{"start":{"line":234,"column":83},"end":{"line":247,"column":1}}},"20":{"name":"(anonymous_27)","decl":{"start":{"line":255,"column":43},"end":{"line":255,"column":50}},"loc":{"start":{"line":255,"column":81},"end":{"line":267,"column":2}}},"21":{"name":"(anonymous_28)","decl":{"start":{"line":255,"column":81},"end":{"line":255,"column":null}},"loc":{"start":{"line":255,"column":81},"end":{"line":267,"column":1}}}},"branchMap":{"0":{"loc":{"start":{"line":72,"column":2},"end":{"line":77,"column":null}},"type":"if","locations":[{"start":{"line":72,"column":2},"end":{"line":77,"column":null}}]},"1":{"loc":{"start":{"line":72,"column":6},"end":{"line":72,"column":21}},"type":"binary-expr","locations":[{"start":{"line":72,"column":6},"end":{"line":72,"column":10}},{"start":{"line":72,"column":14},"end":{"line":72,"column":21}}]},"2":{"loc":{"start":{"line":88,"column":2},"end":{"line":90,"column":null}},"type":"if","locations":[{"start":{"line":88,"column":2},"end":{"line":90,"column":null}}]},"3":{"loc":{"start":{"line":240,"column":2},"end":{"line":242,"column":null}},"type":"if","locations":[{"start":{"line":240,"column":2},"end":{"line":242,"column":null}}]},"4":{"loc":{"start":{"line":258,"column":2},"end":{"line":258,"column":78}},"type":"if","locations":[{"start":{"line":258,"column":2},"end":{"line":258,"column":78}}]},"5":{"loc":{"start":{"line":260,"column":2},"end":{"line":262,"column":null}},"type":"if","locations":[{"start":{"line":260,"column":2},"end":{"line":262,"column":null}}]}},"s":{"0":1,"1":1,"2":1,"3":1,"4":1,"5":1,"6":0,"7":0,"8":0,"9":0,"10":0,"11":0,"12":0,"13":0,"14":0,"15":0,"16":0,"17":0,"18":1,"19":1,"20":0,"21":0,"22":0,"23":0,"24":0,"25":0,"26":0,"27":0,"28":1,"29":1,"30":0,"31":0,"32":0,"33":0,"34":0,"35":0,"36":0,"37":0,"38":0,"39":0,"40":0,"41":0,"42":0,"43":0,"44":0,"45":1,"46":1,"47":0,"48":0,"49":0,"50":0,"51":0,"52":0,"53":0,"54":0,"55":0,"56":0,"57":0,"58":0,"59":0,"60":0,"61":0,"62":0,"63":0,"64":1,"65":1,"66":0,"67":0,"68":0,"69":0,"70":0,"71":0,"72":0,"73":0,"74":1,"75":1,"76":0,"77":0,"78":0,"79":0,"80":0,"81":0,"82":0,"83":0,"84":1,"85":1,"86":0,"87":0,"88":0,"89":0,"90":0,"91":0,"92":0,"93":0,"94":1,"95":1,"96":0,"97":0,"98":0,"99":0,"100":0,"101":0,"102":0,"103":0,"104":1,"105":1,"106":0,"107":0,"108":0,"109":0,"110":0,"111":0,"112":0,"113":0,"114":1,"115":1,"116":0,"117":0,"118":0,"119":0,"120":0,"121":0,"122":0,"123":0,"124":1,"125":1,"126":0,"127":0,"128":0,"129":0,"130":0,"131":0,"132":0,"133":0,"134":0,"135":0,"136":1},"f":{"0":0,"1":0,"2":0,"3":0,"4":0,"5":0,"6":0,"7":0,"8":0,"9":0,"10":0,"11":0,"12":0,"13":0,"14":0,"15":0,"16":0,"17":0,"18":0,"19":0,"20":0,"21":0},"b":{"0":[0],"1":[0,0],"2":[0],"3":[0],"4":[0],"5":[0]}}
,"/Users/space-be/Desktop/DEV/forbitswap-nfts-api-v2/src/controllers/order.controller.ts": {"path":"/Users/space-be/Desktop/DEV/forbitswap-nfts-api-v2/src/controllers/order.controller.ts","statementMap":{"0":{"start":{"line":3,"column":0},"end":{"line":3,"column":32}},"1":{"start":{"line":4,"column":0},"end":{"line":4,"column":null}},"2":{"start":{"line":21,"column":21},"end":{"line":31,"column":null}},"3":{"start":{"line":21,"column":59},"end":{"line":31,"column":null}},"4":{"start":{"line":22,"column":4},"end":{"line":30,"column":null}},"5":{"start":{"line":23,"column":28},"end":{"line":23,"column":38}},"6":{"start":{"line":24,"column":8},"end":{"line":24,"column":null}},"7":{"start":{"line":24,"column":22},"end":{"line":24,"column":null}},"8":{"start":{"line":25,"column":26},"end":{"line":25,"column":54}},"9":{"start":{"line":26,"column":8},"end":{"line":26,"column":null}},"10":{"start":{"line":28,"column":8},"end":{"line":28,"column":null}},"11":{"start":{"line":199,"column":4},"end":{"line":199,"column":16}},"12":{"start":{"line":40,"column":33},"end":{"line":49,"column":null}},"13":{"start":{"line":40,"column":71},"end":{"line":49,"column":null}},"14":{"start":{"line":41,"column":4},"end":{"line":48,"column":null}},"15":{"start":{"line":42,"column":41},"end":{"line":42,"column":51}},"16":{"start":{"line":43,"column":8},"end":{"line":43,"column":null}},"17":{"start":{"line":43,"column":26},"end":{"line":43,"column":null}},"18":{"start":{"line":44,"column":31},"end":{"line":44,"column":74}},"19":{"start":{"line":45,"column":8},"end":{"line":45,"column":null}},"20":{"start":{"line":47,"column":8},"end":{"line":47,"column":null}},"21":{"start":{"line":194,"column":4},"end":{"line":194,"column":28}},"22":{"start":{"line":57,"column":30},"end":{"line":77,"column":null}},"23":{"start":{"line":57,"column":68},"end":{"line":77,"column":null}},"24":{"start":{"line":58,"column":4},"end":{"line":76,"column":null}},"25":{"start":{"line":59,"column":28},"end":{"line":59,"column":38}},"26":{"start":{"line":66,"column":12},"end":{"line":66,"column":20}},"27":{"start":{"line":68,"column":25},"end":{"line":70,"column":192}},"28":{"start":{"line":71,"column":8},"end":{"line":73,"column":10}},"29":{"start":{"line":72,"column":12},"end":{"line":72,"column":null}},"30":{"start":{"line":73,"column":10},"end":{"line":73,"column":null}},"31":{"start":{"line":75,"column":8},"end":{"line":75,"column":null}},"32":{"start":{"line":194,"column":30},"end":{"line":194,"column":51}},"33":{"start":{"line":86,"column":43},"end":{"line":97,"column":null}},"34":{"start":{"line":86,"column":81},"end":{"line":97,"column":null}},"35":{"start":{"line":87,"column":4},"end":{"line":96,"column":null}},"36":{"start":{"line":88,"column":40},"end":{"line":88,"column":50}},"37":{"start":{"line":89,"column":26},"end":{"line":89,"column":94}},"38":{"start":{"line":90,"column":8},"end":{"line":92,"column":10}},"39":{"start":{"line":91,"column":12},"end":{"line":91,"column":null}},"40":{"start":{"line":92,"column":10},"end":{"line":92,"column":null}},"41":{"start":{"line":95,"column":8},"end":{"line":95,"column":null}},"42":{"start":{"line":195,"column":4},"end":{"line":195,"column":38}},"43":{"start":{"line":105,"column":31},"end":{"line":115,"column":null}},"44":{"start":{"line":105,"column":69},"end":{"line":115,"column":null}},"45":{"start":{"line":106,"column":4},"end":{"line":114,"column":null}},"46":{"start":{"line":107,"column":26},"end":{"line":107,"column":36}},"47":{"start":{"line":108,"column":26},"end":{"line":108,"column":58}},"48":{"start":{"line":109,"column":8},"end":{"line":111,"column":10}},"49":{"start":{"line":110,"column":12},"end":{"line":110,"column":null}},"50":{"start":{"line":111,"column":10},"end":{"line":111,"column":null}},"51":{"start":{"line":113,"column":8},"end":{"line":113,"column":null}},"52":{"start":{"line":195,"column":40},"end":{"line":195,"column":62}},"53":{"start":{"line":123,"column":32},"end":{"line":148,"column":null}},"54":{"start":{"line":123,"column":70},"end":{"line":148,"column":null}},"55":{"start":{"line":124,"column":4},"end":{"line":147,"column":null}},"56":{"start":{"line":125,"column":36},"end":{"line":125,"column":46}},"57":{"start":{"line":127,"column":27},"end":{"line":127,"column":42}},"58":{"start":{"line":128,"column":27},"end":{"line":128,"column":42}},"59":{"start":{"line":129,"column":26},"end":{"line":129,"column":40}},"60":{"start":{"line":130,"column":33},"end":{"line":130,"column":54}},"61":{"start":{"line":131,"column":36},"end":{"line":131,"column":60}},"62":{"start":{"line":132,"column":34},"end":{"line":132,"column":56}},"63":{"start":{"line":133,"column":30},"end":{"line":133,"column":48}},"64":{"start":{"line":134,"column":28},"end":{"line":134,"column":44}},"65":{"start":{"line":136,"column":28},"end":{"line":136,"column":72}},"66":{"start":{"line":138,"column":26},"end":{"line":138,"column":152}},"67":{"start":{"line":140,"column":8},"end":{"line":142,"column":10}},"68":{"start":{"line":141,"column":12},"end":{"line":141,"column":null}},"69":{"start":{"line":142,"column":10},"end":{"line":142,"column":null}},"70":{"start":{"line":145,"column":8},"end":{"line":145,"column":null}},"71":{"start":{"line":197,"column":4},"end":{"line":197,"column":27}},"72":{"start":{"line":156,"column":53},"end":{"line":171,"column":null}},"73":{"start":{"line":156,"column":91},"end":{"line":171,"column":null}},"74":{"start":{"line":157,"column":4},"end":{"line":170,"column":null}},"75":{"start":{"line":158,"column":42},"end":{"line":158,"column":52}},"76":{"start":{"line":159,"column":31},"end":{"line":159,"column":51}},"77":{"start":{"line":160,"column":28},"end":{"line":160,"column":72}},"78":{"start":{"line":161,"column":22},"end":{"line":161,"column":86}},"79":{"start":{"line":163,"column":8},"end":{"line":165,"column":10}},"80":{"start":{"line":164,"column":12},"end":{"line":164,"column":null}},"81":{"start":{"line":165,"column":10},"end":{"line":165,"column":null}},"82":{"start":{"line":168,"column":8},"end":{"line":168,"column":null}},"83":{"start":{"line":198,"column":4},"end":{"line":198,"column":48}},"84":{"start":{"line":179,"column":38},"end":{"line":191,"column":null}},"85":{"start":{"line":179,"column":76},"end":{"line":191,"column":null}},"86":{"start":{"line":180,"column":4},"end":{"line":190,"column":null}},"87":{"start":{"line":181,"column":28},"end":{"line":181,"column":38}},"88":{"start":{"line":182,"column":28},"end":{"line":182,"column":105}},"89":{"start":{"line":183,"column":8},"end":{"line":185,"column":10}},"90":{"start":{"line":184,"column":12},"end":{"line":184,"column":null}},"91":{"start":{"line":185,"column":10},"end":{"line":185,"column":null}},"92":{"start":{"line":188,"column":8},"end":{"line":188,"column":null}},"93":{"start":{"line":196,"column":4},"end":{"line":196,"column":33}}},"fnMap":{"0":{"name":"(anonymous_8)","decl":{"start":{"line":21,"column":21},"end":{"line":21,"column":28}},"loc":{"start":{"line":21,"column":59},"end":{"line":31,"column":null}}},"1":{"name":"(anonymous_9)","decl":{"start":{"line":21,"column":59},"end":{"line":21,"column":null}},"loc":{"start":{"line":21,"column":59},"end":{"line":31,"column":1}}},"2":{"name":"(anonymous_10)","decl":{"start":{"line":40,"column":33},"end":{"line":40,"column":40}},"loc":{"start":{"line":40,"column":71},"end":{"line":49,"column":null}}},"3":{"name":"(anonymous_11)","decl":{"start":{"line":40,"column":71},"end":{"line":40,"column":null}},"loc":{"start":{"line":40,"column":71},"end":{"line":49,"column":1}}},"4":{"name":"(anonymous_12)","decl":{"start":{"line":57,"column":30},"end":{"line":57,"column":37}},"loc":{"start":{"line":57,"column":68},"end":{"line":77,"column":null}}},"5":{"name":"(anonymous_13)","decl":{"start":{"line":57,"column":68},"end":{"line":57,"column":null}},"loc":{"start":{"line":57,"column":68},"end":{"line":77,"column":1}}},"6":{"name":"(anonymous_14)","decl":{"start":{"line":86,"column":43},"end":{"line":86,"column":50}},"loc":{"start":{"line":86,"column":81},"end":{"line":97,"column":null}}},"7":{"name":"(anonymous_15)","decl":{"start":{"line":86,"column":81},"end":{"line":86,"column":null}},"loc":{"start":{"line":86,"column":81},"end":{"line":97,"column":1}}},"8":{"name":"(anonymous_16)","decl":{"start":{"line":105,"column":31},"end":{"line":105,"column":38}},"loc":{"start":{"line":105,"column":69},"end":{"line":115,"column":null}}},"9":{"name":"(anonymous_17)","decl":{"start":{"line":105,"column":69},"end":{"line":105,"column":null}},"loc":{"start":{"line":105,"column":69},"end":{"line":115,"column":1}}},"10":{"name":"(anonymous_18)","decl":{"start":{"line":123,"column":32},"end":{"line":123,"column":39}},"loc":{"start":{"line":123,"column":70},"end":{"line":148,"column":null}}},"11":{"name":"(anonymous_19)","decl":{"start":{"line":123,"column":70},"end":{"line":123,"column":null}},"loc":{"start":{"line":123,"column":70},"end":{"line":148,"column":1}}},"12":{"name":"(anonymous_20)","decl":{"start":{"line":156,"column":53},"end":{"line":156,"column":60}},"loc":{"start":{"line":156,"column":91},"end":{"line":171,"column":null}}},"13":{"name":"(anonymous_21)","decl":{"start":{"line":156,"column":91},"end":{"line":156,"column":null}},"loc":{"start":{"line":156,"column":91},"end":{"line":171,"column":1}}},"14":{"name":"(anonymous_22)","decl":{"start":{"line":179,"column":38},"end":{"line":179,"column":45}},"loc":{"start":{"line":179,"column":76},"end":{"line":191,"column":null}}},"15":{"name":"(anonymous_23)","decl":{"start":{"line":179,"column":76},"end":{"line":179,"column":null}},"loc":{"start":{"line":179,"column":76},"end":{"line":191,"column":1}}}},"branchMap":{"0":{"loc":{"start":{"line":24,"column":8},"end":{"line":24,"column":null}},"type":"if","locations":[{"start":{"line":24,"column":8},"end":{"line":24,"column":null}}]},"1":{"loc":{"start":{"line":43,"column":8},"end":{"line":43,"column":null}},"type":"if","locations":[{"start":{"line":43,"column":8},"end":{"line":43,"column":null}}]},"2":{"loc":{"start":{"line":71,"column":8},"end":{"line":73,"column":10}},"type":"if","locations":[{"start":{"line":71,"column":8},"end":{"line":73,"column":10}}]},"3":{"loc":{"start":{"line":90,"column":8},"end":{"line":92,"column":10}},"type":"if","locations":[{"start":{"line":90,"column":8},"end":{"line":92,"column":10}}]},"4":{"loc":{"start":{"line":109,"column":8},"end":{"line":111,"column":10}},"type":"if","locations":[{"start":{"line":109,"column":8},"end":{"line":111,"column":10}}]},"5":{"loc":{"start":{"line":140,"column":8},"end":{"line":142,"column":10}},"type":"if","locations":[{"start":{"line":140,"column":8},"end":{"line":142,"column":10}}]},"6":{"loc":{"start":{"line":163,"column":8},"end":{"line":165,"column":10}},"type":"if","locations":[{"start":{"line":163,"column":8},"end":{"line":165,"column":10}}]},"7":{"loc":{"start":{"line":183,"column":8},"end":{"line":185,"column":10}},"type":"if","locations":[{"start":{"line":183,"column":8},"end":{"line":185,"column":10}}]}},"s":{"0":1,"1":1,"2":1,"3":0,"4":0,"5":0,"6":0,"7":0,"8":0,"9":0,"10":0,"11":1,"12":1,"13":0,"14":0,"15":0,"16":0,"17":0,"18":0,"19":0,"20":0,"21":1,"22":1,"23":0,"24":0,"25":0,"26":0,"27":0,"28":0,"29":0,"30":0,"31":0,"32":1,"33":1,"34":0,"35":0,"36":0,"37":0,"38":0,"39":0,"40":0,"41":0,"42":1,"43":1,"44":0,"45":0,"46":0,"47":0,"48":0,"49":0,"50":0,"51":0,"52":1,"53":1,"54":0,"55":0,"56":0,"57":0,"58":0,"59":0,"60":0,"61":0,"62":0,"63":0,"64":0,"65":0,"66":0,"67":0,"68":0,"69":0,"70":0,"71":1,"72":1,"73":0,"74":0,"75":0,"76":0,"77":0,"78":0,"79":0,"80":0,"81":0,"82":0,"83":1,"84":1,"85":0,"86":0,"87":0,"88":0,"89":0,"90":0,"91":0,"92":0,"93":1},"f":{"0":0,"1":0,"2":0,"3":0,"4":0,"5":0,"6":0,"7":0,"8":0,"9":0,"10":0,"11":0,"12":0,"13":0,"14":0,"15":0},"b":{"0":[0],"1":[0],"2":[0],"3":[0],"4":[0],"5":[0],"6":[0],"7":[0]}}
,"/Users/space-be/Desktop/DEV/forbitswap-nfts-api-v2/src/controllers/sell.controllers.ts": {"path":"/Users/space-be/Desktop/DEV/forbitswap-nfts-api-v2/src/controllers/sell.controllers.ts","statementMap":{"0":{"start":{"line":2,"column":0},"end":{"line":2,"column":115}},"1":{"start":{"line":3,"column":0},"end":{"line":3,"column":72}},"2":{"start":{"line":4,"column":0},"end":{"line":4,"column":72}},"3":{"start":{"line":5,"column":0},"end":{"line":5,"column":65}},"4":{"start":{"line":9,"column":30},"end":{"line":16,"column":null}},"5":{"start":{"line":9,"column":68},"end":{"line":16,"column":null}},"6":{"start":{"line":10,"column":1},"end":{"line":13,"column":23}},"7":{"start":{"line":11,"column":15},"end":{"line":11,"column":41}},"8":{"start":{"line":12,"column":2},"end":{"line":12,"column":80}},"9":{"start":{"line":15,"column":1},"end":{"line":15,"column":77}},"10":{"start":{"line":124,"column":1},"end":{"line":124,"column":22}},"11":{"start":{"line":18,"column":31},"end":{"line":25,"column":null}},"12":{"start":{"line":18,"column":69},"end":{"line":25,"column":null}},"13":{"start":{"line":19,"column":1},"end":{"line":22,"column":23}},"14":{"start":{"line":20,"column":15},"end":{"line":20,"column":52}},"15":{"start":{"line":21,"column":2},"end":{"line":21,"column":93}},"16":{"start":{"line":24,"column":1},"end":{"line":24,"column":89}},"17":{"start":{"line":126,"column":1},"end":{"line":126,"column":23}},"18":{"start":{"line":28,"column":29},"end":{"line":121,"column":2}},"19":{"start":{"line":28,"column":67},"end":{"line":121,"column":2}},"20":{"start":{"line":60,"column":5},"end":{"line":60,"column":13}},"21":{"start":{"line":62,"column":21},"end":{"line":62,"column":31}},"22":{"start":{"line":64,"column":19},"end":{"line":69,"column":null}},"23":{"start":{"line":72,"column":1},"end":{"line":118,"column":23}},"24":{"start":{"line":73,"column":20},"end":{"line":79,"column":null}},"25":{"start":{"line":82,"column":2},"end":{"line":85,"column":6}},"26":{"start":{"line":83,"column":3},"end":{"line":85,"column":6}},"27":{"start":{"line":87,"column":20},"end":{"line":108,"column":null}},"28":{"start":{"line":112,"column":2},"end":{"line":115,"column":72}},"29":{"start":{"line":113,"column":3},"end":{"line":115,"column":72}},"30":{"start":{"line":117,"column":2},"end":{"line":117,"column":57}},"31":{"start":{"line":120,"column":1},"end":{"line":120,"column":56}},"32":{"start":{"line":125,"column":1},"end":{"line":125,"column":21}}},"fnMap":{"0":{"name":"(anonymous_7)","decl":{"start":{"line":9,"column":30},"end":{"line":9,"column":37}},"loc":{"start":{"line":9,"column":68},"end":{"line":16,"column":null}}},"1":{"name":"(anonymous_8)","decl":{"start":{"line":9,"column":68},"end":{"line":9,"column":null}},"loc":{"start":{"line":9,"column":68},"end":{"line":16,"column":1}}},"2":{"name":"(anonymous_9)","decl":{"start":{"line":18,"column":31},"end":{"line":18,"column":38}},"loc":{"start":{"line":18,"column":69},"end":{"line":25,"column":null}}},"3":{"name":"(anonymous_10)","decl":{"start":{"line":18,"column":69},"end":{"line":18,"column":null}},"loc":{"start":{"line":18,"column":69},"end":{"line":25,"column":1}}},"4":{"name":"(anonymous_11)","decl":{"start":{"line":28,"column":29},"end":{"line":28,"column":36}},"loc":{"start":{"line":28,"column":67},"end":{"line":121,"column":2}}},"5":{"name":"(anonymous_12)","decl":{"start":{"line":28,"column":67},"end":{"line":28,"column":null}},"loc":{"start":{"line":28,"column":67},"end":{"line":121,"column":1}}}},"branchMap":{"0":{"loc":{"start":{"line":82,"column":2},"end":{"line":85,"column":6}},"type":"if","locations":[{"start":{"line":82,"column":2},"end":{"line":85,"column":6}}]},"1":{"loc":{"start":{"line":112,"column":2},"end":{"line":115,"column":72}},"type":"if","locations":[{"start":{"line":112,"column":2},"end":{"line":115,"column":72}}]}},"s":{"0":1,"1":1,"2":1,"3":1,"4":1,"5":0,"6":0,"7":0,"8":0,"9":0,"10":1,"11":1,"12":0,"13":0,"14":0,"15":0,"16":0,"17":1,"18":1,"19":0,"20":0,"21":0,"22":0,"23":0,"24":0,"25":0,"26":0,"27":0,"28":0,"29":0,"30":0,"31":0,"32":1},"f":{"0":0,"1":0,"2":0,"3":0,"4":0,"5":0},"b":{"0":[0],"1":[0]}}
,"/Users/space-be/Desktop/DEV/forbitswap-nfts-api-v2/src/controllers/signature.controllers.ts": {"path":"/Users/space-be/Desktop/DEV/forbitswap-nfts-api-v2/src/controllers/signature.controllers.ts","statementMap":{"0":{"start":{"line":2,"column":0},"end":{"line":2,"column":59}},"1":{"start":{"line":3,"column":0},"end":{"line":3,"column":55}},"2":{"start":{"line":4,"column":35},"end":{"line":15,"column":null}},"3":{"start":{"line":4,"column":73},"end":{"line":15,"column":null}},"4":{"start":{"line":5,"column":4},"end":{"line":14,"column":null}},"5":{"start":{"line":6,"column":23},"end":{"line":6,"column":33}},"6":{"start":{"line":7,"column":26},"end":{"line":7,"column":75}},"7":{"start":{"line":9,"column":8},"end":{"line":11,"column":10}},"8":{"start":{"line":10,"column":12},"end":{"line":10,"column":null}},"9":{"start":{"line":11,"column":10},"end":{"line":11,"column":null}},"10":{"start":{"line":13,"column":8},"end":{"line":13,"column":null}},"11":{"start":{"line":17,"column":9},"end":{"line":17,"column":35}}},"fnMap":{"0":{"name":"(anonymous_8)","decl":{"start":{"line":4,"column":35},"end":{"line":4,"column":42}},"loc":{"start":{"line":4,"column":73},"end":{"line":15,"column":null}}},"1":{"name":"(anonymous_9)","decl":{"start":{"line":4,"column":73},"end":{"line":4,"column":null}},"loc":{"start":{"line":4,"column":73},"end":{"line":15,"column":1}}}},"branchMap":{"0":{"loc":{"start":{"line":9,"column":8},"end":{"line":11,"column":10}},"type":"if","locations":[{"start":{"line":9,"column":8},"end":{"line":11,"column":10}}]}},"s":{"0":1,"1":1,"2":1,"3":0,"4":0,"5":0,"6":0,"7":0,"8":0,"9":0,"10":0,"11":1},"f":{"0":0,"1":0},"b":{"0":[0]}}
,"/Users/space-be/Desktop/DEV/forbitswap-nfts-api-v2/src/controllers/user.controllers.ts": {"path":"/Users/space-be/Desktop/DEV/forbitswap-nfts-api-v2/src/controllers/user.controllers.ts","statementMap":{"0":{"start":{"line":2,"column":0},"end":{"line":2,"column":63}},"1":{"start":{"line":3,"column":0},"end":{"line":3,"column":75}},"2":{"start":{"line":4,"column":0},"end":{"line":4,"column":91}},"3":{"start":{"line":6,"column":29},"end":{"line":19,"column":2}},"4":{"start":{"line":6,"column":67},"end":{"line":19,"column":2}},"5":{"start":{"line":7,"column":25},"end":{"line":7,"column":33}},"6":{"start":{"line":8,"column":1},"end":{"line":18,"column":null}},"7":{"start":{"line":9,"column":15},"end":{"line":9,"column":61}},"8":{"start":{"line":10,"column":2},"end":{"line":14,"column":null}},"9":{"start":{"line":11,"column":3},"end":{"line":13,"column":null}},"10":{"start":{"line":11,"column":16},"end":{"line":11,"column":17}},"11":{"start":{"line":12,"column":4},"end":{"line":12,"column":67}},"12":{"start":{"line":15,"column":2},"end":{"line":15,"column":36}},"13":{"start":{"line":17,"column":2},"end":{"line":17,"column":56}},"14":{"start":{"line":35,"column":9},"end":{"line":35,"column":29}},"15":{"start":{"line":21,"column":29},"end":{"line":33,"column":2}},"16":{"start":{"line":21,"column":67},"end":{"line":33,"column":2}},"17":{"start":{"line":22,"column":21},"end":{"line":22,"column":43}},"18":{"start":{"line":23,"column":62},"end":{"line":23,"column":70}},"19":{"start":{"line":24,"column":1},"end":{"line":31,"column":null}},"20":{"start":{"line":25,"column":15},"end":{"line":25,"column":101}},"21":{"start":{"line":26,"column":2},"end":{"line":28,"column":null}},"22":{"start":{"line":27,"column":3},"end":{"line":27,"column":37}},"23":{"start":{"line":30,"column":2},"end":{"line":30,"column":56}},"24":{"start":{"line":32,"column":1},"end":{"line":32,"column":61}},"25":{"start":{"line":35,"column":31},"end":{"line":35,"column":51}}},"fnMap":{"0":{"name":"(anonymous_7)","decl":{"start":{"line":6,"column":29},"end":{"line":6,"column":36}},"loc":{"start":{"line":6,"column":67},"end":{"line":19,"column":2}}},"1":{"name":"(anonymous_8)","decl":{"start":{"line":6,"column":67},"end":{"line":6,"column":null}},"loc":{"start":{"line":6,"column":67},"end":{"line":19,"column":1}}},"2":{"name":"(anonymous_9)","decl":{"start":{"line":21,"column":29},"end":{"line":21,"column":36}},"loc":{"start":{"line":21,"column":67},"end":{"line":33,"column":2}}},"3":{"name":"(anonymous_10)","decl":{"start":{"line":21,"column":67},"end":{"line":21,"column":null}},"loc":{"start":{"line":21,"column":67},"end":{"line":33,"column":1}}}},"branchMap":{"0":{"loc":{"start":{"line":10,"column":2},"end":{"line":14,"column":null}},"type":"if","locations":[{"start":{"line":10,"column":2},"end":{"line":14,"column":null}}]},"1":{"loc":{"start":{"line":26,"column":2},"end":{"line":28,"column":null}},"type":"if","locations":[{"start":{"line":26,"column":2},"end":{"line":28,"column":null}}]}},"s":{"0":1,"1":1,"2":1,"3":1,"4":0,"5":0,"6":0,"7":0,"8":0,"9":0,"10":0,"11":0,"12":0,"13":0,"14":1,"15":1,"16":0,"17":0,"18":0,"19":0,"20":0,"21":0,"22":0,"23":0,"24":0,"25":1},"f":{"0":0,"1":0,"2":0,"3":0},"b":{"0":[0],"1":[0]}}
,"/Users/space-be/Desktop/DEV/forbitswap-nfts-api-v2/src/middlewares/checkCollection.middlewares.ts": {"path":"/Users/space-be/Desktop/DEV/forbitswap-nfts-api-v2/src/middlewares/checkCollection.middlewares.ts","statementMap":{"0":{"start":{"line":2,"column":0},"end":{"line":2,"column":67}},"1":{"start":{"line":4,"column":0},"end":{"line":4,"column":null}},"2":{"start":{"line":10,"column":39},"end":{"line":27,"column":2}},"3":{"start":{"line":10,"column":97},"end":{"line":27,"column":2}},"4":{"start":{"line":11,"column":1},"end":{"line":25,"column":null}},"5":{"start":{"line":12,"column":23},"end":{"line":12,"column":71}},"6":{"start":{"line":14,"column":2},"end":{"line":22,"column":null}},"7":{"start":{"line":15,"column":17},"end":{"line":15,"column":74}},"8":{"start":{"line":17,"column":3},"end":{"line":19,"column":null}},"9":{"start":{"line":18,"column":4},"end":{"line":18,"column":18}},"10":{"start":{"line":21,"column":3},"end":{"line":21,"column":73}},"11":{"start":{"line":24,"column":2},"end":{"line":24,"column":29}},"12":{"start":{"line":26,"column":1},"end":{"line":26,"column":64}},"13":{"start":{"line":57,"column":9},"end":{"line":57,"column":39}},"14":{"start":{"line":29,"column":43},"end":{"line":45,"column":2}},"15":{"start":{"line":29,"column":101},"end":{"line":45,"column":2}},"16":{"start":{"line":30,"column":1},"end":{"line":43,"column":null}},"17":{"start":{"line":31,"column":25},"end":{"line":31,"column":48}},"18":{"start":{"line":32,"column":18},"end":{"line":32,"column":56}},"19":{"start":{"line":33,"column":2},"end":{"line":40,"column":null}},"20":{"start":{"line":34,"column":29},"end":{"line":34,"column":56}},"21":{"start":{"line":35,"column":21},"end":{"line":35,"column":103}},"22":{"start":{"line":36,"column":3},"end":{"line":38,"column":null}},"23":{"start":{"line":37,"column":4},"end":{"line":37,"column":72}},"24":{"start":{"line":39,"column":3},"end":{"line":39,"column":17}},"25":{"start":{"line":42,"column":2},"end":{"line":42,"column":29}},"26":{"start":{"line":44,"column":1},"end":{"line":44,"column":85}},"27":{"start":{"line":57,"column":77},"end":{"line":57,"column":111}},"28":{"start":{"line":47,"column":43},"end":{"line":55,"column":2}},"29":{"start":{"line":47,"column":101},"end":{"line":55,"column":2}},"30":{"start":{"line":48,"column":48},"end":{"line":48,"column":58}},"31":{"start":{"line":49,"column":16},"end":{"line":49,"column":83}},"32":{"start":{"line":50,"column":17},"end":{"line":50,"column":81}},"33":{"start":{"line":51,"column":1},"end":{"line":53,"column":null}},"34":{"start":{"line":52,"column":2},"end":{"line":52,"column":16}},"35":{"start":{"line":54,"column":1},"end":{"line":54,"column":76}},"36":{"start":{"line":57,"column":41},"end":{"line":57,"column":75}}},"fnMap":{"0":{"name":"(anonymous_7)","decl":{"start":{"line":10,"column":39},"end":{"line":10,"column":46}},"loc":{"start":{"line":10,"column":97},"end":{"line":27,"column":2}}},"1":{"name":"(anonymous_8)","decl":{"start":{"line":10,"column":97},"end":{"line":10,"column":null}},"loc":{"start":{"line":10,"column":97},"end":{"line":27,"column":1}}},"2":{"name":"(anonymous_9)","decl":{"start":{"line":29,"column":43},"end":{"line":29,"column":50}},"loc":{"start":{"line":29,"column":101},"end":{"line":45,"column":2}}},"3":{"name":"(anonymous_10)","decl":{"start":{"line":29,"column":101},"end":{"line":29,"column":null}},"loc":{"start":{"line":29,"column":101},"end":{"line":45,"column":1}}},"4":{"name":"(anonymous_11)","decl":{"start":{"line":47,"column":43},"end":{"line":47,"column":50}},"loc":{"start":{"line":47,"column":101},"end":{"line":55,"column":2}}},"5":{"name":"(anonymous_12)","decl":{"start":{"line":47,"column":101},"end":{"line":47,"column":null}},"loc":{"start":{"line":47,"column":101},"end":{"line":55,"column":1}}}},"branchMap":{"0":{"loc":{"start":{"line":12,"column":23},"end":{"line":12,"column":71}},"type":"binary-expr","locations":[{"start":{"line":12,"column":23},"end":{"line":12,"column":44}},{"start":{"line":12,"column":48},"end":{"line":12,"column":71}}]},"1":{"loc":{"start":{"line":14,"column":2},"end":{"line":22,"column":null}},"type":"if","locations":[{"start":{"line":14,"column":2},"end":{"line":22,"column":null}},{"start":{"line":20,"column":9},"end":{"line":22,"column":null}}]},"2":{"loc":{"start":{"line":17,"column":3},"end":{"line":19,"column":null}},"type":"if","locations":[{"start":{"line":17,"column":3},"end":{"line":19,"column":null}}]},"3":{"loc":{"start":{"line":32,"column":18},"end":{"line":32,"column":56}},"type":"binary-expr","locations":[{"start":{"line":32,"column":18},"end":{"line":32,"column":36}},{"start":{"line":32,"column":40},"end":{"line":32,"column":56}}]},"4":{"loc":{"start":{"line":33,"column":2},"end":{"line":40,"column":null}},"type":"if","locations":[{"start":{"line":33,"column":2},"end":{"line":40,"column":null}}]},"5":{"loc":{"start":{"line":33,"column":6},"end":{"line":33,"column":31}},"type":"binary-expr","locations":[{"start":{"line":33,"column":6},"end":{"line":33,"column":20}},{"start":{"line":33,"column":24},"end":{"line":33,"column":31}}]},"6":{"loc":{"start":{"line":36,"column":3},"end":{"line":38,"column":null}},"type":"if","locations":[{"start":{"line":36,"column":3},"end":{"line":38,"column":null}}]},"7":{"loc":{"start":{"line":51,"column":1},"end":{"line":53,"column":null}},"type":"if","locations":[{"start":{"line":51,"column":1},"end":{"line":53,"column":null}}]},"8":{"loc":{"start":{"line":51,"column":5},"end":{"line":51,"column":22}},"type":"binary-expr","locations":[{"start":{"line":51,"column":5},"end":{"line":51,"column":11}},{"start":{"line":51,"column":15},"end":{"line":51,"column":22}}]}},"s":{"0":1,"1":1,"2":1,"3":0,"4":0,"5":0,"6":0,"7":0,"8":0,"9":0,"10":0,"11":0,"12":0,"13":1,"14":1,"15":0,"16":0,"17":0,"18":0,"19":0,"20":0,"21":0,"22":0,"23":0,"24":0,"25":0,"26":0,"27":1,"28":1,"29":0,"30":0,"31":0,"32":0,"33":0,"34":0,"35":0,"36":1},"f":{"0":0,"1":0,"2":0,"3":0,"4":0,"5":0},"b":{"0":[0,0],"1":[0,0],"2":[0],"3":[0,0],"4":[0],"5":[0,0],"6":[0],"7":[0],"8":[0,0]}}
,"/Users/space-be/Desktop/DEV/forbitswap-nfts-api-v2/src/middlewares/checkHistory.middlewares.ts": {"path":"/Users/space-be/Desktop/DEV/forbitswap-nfts-api-v2/src/middlewares/checkHistory.middlewares.ts","statementMap":{"0":{"start":{"line":2,"column":0},"end":{"line":2,"column":73}},"1":{"start":{"line":4,"column":36},"end":{"line":18,"column":2}},"2":{"start":{"line":4,"column":94},"end":{"line":18,"column":2}},"3":{"start":{"line":5,"column":19},"end":{"line":5,"column":61}},"4":{"start":{"line":7,"column":1},"end":{"line":15,"column":null}},"5":{"start":{"line":8,"column":16},"end":{"line":8,"column":67}},"6":{"start":{"line":10,"column":2},"end":{"line":12,"column":null}},"7":{"start":{"line":11,"column":3},"end":{"line":11,"column":17}},"8":{"start":{"line":14,"column":2},"end":{"line":14,"column":63}},"9":{"start":{"line":17,"column":1},"end":{"line":17,"column":61}},"10":{"start":{"line":20,"column":9},"end":{"line":20,"column":36}}},"fnMap":{"0":{"name":"(anonymous_7)","decl":{"start":{"line":4,"column":36},"end":{"line":4,"column":43}},"loc":{"start":{"line":4,"column":94},"end":{"line":18,"column":2}}},"1":{"name":"(anonymous_8)","decl":{"start":{"line":4,"column":94},"end":{"line":4,"column":null}},"loc":{"start":{"line":4,"column":94},"end":{"line":18,"column":1}}}},"branchMap":{"0":{"loc":{"start":{"line":5,"column":19},"end":{"line":5,"column":61}},"type":"binary-expr","locations":[{"start":{"line":5,"column":19},"end":{"line":5,"column":37}},{"start":{"line":5,"column":41},"end":{"line":5,"column":61}}]},"1":{"loc":{"start":{"line":7,"column":1},"end":{"line":15,"column":null}},"type":"if","locations":[{"start":{"line":7,"column":1},"end":{"line":15,"column":null}},{"start":{"line":13,"column":8},"end":{"line":15,"column":null}}]},"2":{"loc":{"start":{"line":10,"column":2},"end":{"line":12,"column":null}},"type":"if","locations":[{"start":{"line":10,"column":2},"end":{"line":12,"column":null}}]}},"s":{"0":1,"1":1,"2":0,"3":0,"4":0,"5":0,"6":0,"7":0,"8":0,"9":0,"10":1},"f":{"0":0,"1":0},"b":{"0":[0,0],"1":[0,0],"2":[0]}}
,"/Users/space-be/Desktop/DEV/forbitswap-nfts-api-v2/src/middlewares/checkItem.middleware.ts": {"path":"/Users/space-be/Desktop/DEV/forbitswap-nfts-api-v2/src/middlewares/checkItem.middleware.ts","statementMap":{"0":{"start":{"line":2,"column":0},"end":{"line":2,"column":79}},"1":{"start":{"line":3,"column":0},"end":{"line":3,"column":null}},"2":{"start":{"line":10,"column":33},"end":{"line":25,"column":2}},"3":{"start":{"line":10,"column":91},"end":{"line":25,"column":2}},"4":{"start":{"line":11,"column":1},"end":{"line":23,"column":null}},"5":{"start":{"line":12,"column":17},"end":{"line":12,"column":27}},"6":{"start":{"line":14,"column":2},"end":{"line":20,"column":null}},"7":{"start":{"line":15,"column":17},"end":{"line":15,"column":58}},"8":{"start":{"line":17,"column":3},"end":{"line":19,"column":null}},"9":{"start":{"line":18,"column":4},"end":{"line":18,"column":18}},"10":{"start":{"line":22,"column":2},"end":{"line":22,"column":56}},"11":{"start":{"line":24,"column":1},"end":{"line":24,"column":66}},"12":{"start":{"line":57,"column":39},"end":{"line":57,"column":63}},"13":{"start":{"line":27,"column":37},"end":{"line":37,"column":2}},"14":{"start":{"line":27,"column":95},"end":{"line":37,"column":2}},"15":{"start":{"line":28,"column":29},"end":{"line":28,"column":39}},"16":{"start":{"line":29,"column":18},"end":{"line":29,"column":52}},"17":{"start":{"line":30,"column":20},"end":{"line":30,"column":52}},"18":{"start":{"line":31,"column":19},"end":{"line":31,"column":65}},"19":{"start":{"line":33,"column":1},"end":{"line":35,"column":null}},"20":{"start":{"line":34,"column":2},"end":{"line":34,"column":16}},"21":{"start":{"line":36,"column":1},"end":{"line":36,"column":61}},"22":{"start":{"line":57,"column":9},"end":{"line":57,"column":37}},"23":{"start":{"line":39,"column":37},"end":{"line":47,"column":2}},"24":{"start":{"line":39,"column":95},"end":{"line":47,"column":2}},"25":{"start":{"line":40,"column":22},"end":{"line":40,"column":70}},"26":{"start":{"line":41,"column":17},"end":{"line":41,"column":55}},"27":{"start":{"line":42,"column":26},"end":{"line":42,"column":83}},"28":{"start":{"line":43,"column":1},"end":{"line":45,"column":null}},"29":{"start":{"line":44,"column":2},"end":{"line":44,"column":16}},"30":{"start":{"line":46,"column":1},"end":{"line":46,"column":67}},"31":{"start":{"line":57,"column":94},"end":{"line":57,"column":122}},"32":{"start":{"line":49,"column":36},"end":{"line":55,"column":1}},"33":{"start":{"line":50,"column":18},"end":{"line":50,"column":35}},"34":{"start":{"line":51,"column":1},"end":{"line":53,"column":null}},"35":{"start":{"line":52,"column":2},"end":{"line":52,"column":61}},"36":{"start":{"line":54,"column":1},"end":{"line":54,"column":15}},"37":{"start":{"line":57,"column":65},"end":{"line":57,"column":92}}},"fnMap":{"0":{"name":"(anonymous_7)","decl":{"start":{"line":10,"column":33},"end":{"line":10,"column":40}},"loc":{"start":{"line":10,"column":91},"end":{"line":25,"column":2}}},"1":{"name":"(anonymous_8)","decl":{"start":{"line":10,"column":91},"end":{"line":10,"column":null}},"loc":{"start":{"line":10,"column":91},"end":{"line":25,"column":1}}},"2":{"name":"(anonymous_9)","decl":{"start":{"line":27,"column":37},"end":{"line":27,"column":44}},"loc":{"start":{"line":27,"column":95},"end":{"line":37,"column":2}}},"3":{"name":"(anonymous_10)","decl":{"start":{"line":27,"column":95},"end":{"line":27,"column":null}},"loc":{"start":{"line":27,"column":95},"end":{"line":37,"column":1}}},"4":{"name":"(anonymous_11)","decl":{"start":{"line":39,"column":37},"end":{"line":39,"column":44}},"loc":{"start":{"line":39,"column":95},"end":{"line":47,"column":2}}},"5":{"name":"(anonymous_12)","decl":{"start":{"lin
[...]
{"start":{"line":26,"column":1},"end":{"line":26,"column":13}},"12":{"start":{"line":41,"column":1},"end":{"line":41,"column":23}},"13":{"start":{"line":29,"column":32},"end":{"line":32,"column":2}},"14":{"start":{"line":29,"column":56},"end":{"line":32,"column":2}},"15":{"start":{"line":30,"column":19},"end":{"line":30,"column":56}},"16":{"start":{"line":31,"column":1},"end":{"line":31,"column":18}},"17":{"start":{"line":42,"column":1},"end":{"line":42,"column":24}},"18":{"start":{"line":34,"column":41},"end":{"line":37,"column":2}},"19":{"start":{"line":34,"column":68},"end":{"line":37,"column":2}},"20":{"start":{"line":35,"column":19},"end":{"line":35,"column":57}},"21":{"start":{"line":36,"column":1},"end":{"line":36,"column":18}},"22":{"start":{"line":43,"column":1},"end":{"line":43,"column":33}}},"fnMap":{"0":{"name":"(anonymous_8)","decl":{"start":{"line":4,"column":31},"end":{"line":4,"column":null}},"loc":{"start":{"line":10,"column":4},"end":{"line":22,"column":2}}},"1":{"name":"(anonymous_9)","decl":{"start":{"line":10,"column":4},"end":{"line":10,"column":null}},"loc":{"start":{"line":10,"column":4},"end":{"line":22,"column":1}}},"2":{"name":"(anonymous_10)","decl":{"start":{"line":24,"column":31},"end":{"line":24,"column":40}},"loc":{"start":{"line":24,"column":42},"end":{"line":27,"column":2}}},"3":{"name":"(anonymous_11)","decl":{"start":{"line":24,"column":42},"end":{"line":24,"column":null}},"loc":{"start":{"line":24,"column":42},"end":{"line":27,"column":1}}},"4":{"name":"(anonymous_12)","decl":{"start":{"line":29,"column":32},"end":{"line":29,"column":39}},"loc":{"start":{"line":29,"column":56},"end":{"line":32,"column":2}}},"5":{"name":"(anonymous_13)","decl":{"start":{"line":29,"column":56},"end":{"line":29,"column":null}},"loc":{"start":{"line":29,"column":56},"end":{"line":32,"column":1}}},"6":{"name":"(anonymous_14)","decl":{"start":{"line":34,"column":41},"end":{"line":34,"column":48}},"loc":{"start":{"line":34,"column":68},"end":{"line":37,"column":2}}},"7":{"name":"(anonymous_15)","decl":{"start":{"line":34,"column":68},"end":{"line":34,"column":null}},"loc":{"start":{"line":34,"column":68},"end":{"line":37,"column":1}}}},"branchMap":{},"s":{"0":1,"1":1,"2":1,"3":0,"4":0,"5":0,"6":0,"7":1,"8":1,"9":0,"10":0,"11":0,"12":1,"13":1,"14":0,"15":0,"16":0,"17":1,"18":1,"19":0,"20":0,"21":0,"22":1},"f":{"0":0,"1":0,"2":0,"3":0,"4":0,"5":0,"6":0,"7":0},"b":{}}
,"/Users/space-be/Desktop/DEV/forbitswap-nfts-api-v2/src/services/other.services.ts": {"path":"/Users/space-be/Desktop/DEV/forbitswap-nfts-api-v2/src/services/other.services.ts","statementMap":{"0":{"start":{"line":1,"column":0},"end":{"line":1,"column":35}},"1":{"start":{"line":2,"column":0},"end":{"line":2,"column":26}},"2":{"start":{"line":4,"column":0},"end":{"line":4,"column":83}},"3":{"start":{"line":5,"column":0},"end":{"line":5,"column":62}},"4":{"start":{"line":8,"column":29},"end":{"line":13,"column":1}},"5":{"start":{"line":9,"column":2},"end":{"line":11,"column":4}},"6":{"start":{"line":10,"column":4},"end":{"line":10,"column":49}},"7":{"start":{"line":12,"column":2},"end":{"line":12,"column":13}},"8":{"start":{"line":69,"column":2},"end":{"line":69,"column":22}},"9":{"start":{"line":15,"column":29},"end":{"line":22,"column":2}},"10":{"start":{"line":15,"column":59},"end":{"line":22,"column":2}},"11":{"start":{"line":16,"column":15},"end":{"line":16,"column":61}},"12":{"start":{"line":17,"column":16},"end":{"line":17,"column":60}},"13":{"start":{"line":18,"column":17},"end":{"line":18,"column":52}},"14":{"start":{"line":19,"column":22},"end":{"line":19,"column":63}},"15":{"start":{"line":20,"column":25},"end":{"line":20,"column":70}},"16":{"start":{"line":21,"column":2},"end":{"line":21,"column":24}},"17":{"start":{"line":70,"column":2},"end":{"line":70,"column":22}},"18":{"start":{"line":24,"column":23},"end":{"line":33,"column":2}},"19":{"start":{"line":24,"column":45},"end":{"line":33,"column":2}},"20":{"start":{"line":25,"column":2},"end":{"line":31,"column":null}},"21":{"start":{"line":26,"column":19},"end":{"line":26,"column":39}},"22":{"start":{"line":27,"column":15},"end":{"line":27,"column":28}},"23":{"start":{"line":28,"column":4},"end":{"line":28,"column":16}},"24":{"start":{"line":30,"column":4},"end":{"line":30,"column":31}},"25":{"start":{"line":32,"column":2},"end":{"line":32,"column":14}},"26":{"start":{"line":71,"column":2},"end":{"line":71,"column":16}},"27":{"start":{"line":35,"column":32},"end":{"line":48,"column":1}},"28":{"start":{"line":36,"column":17},"end":{"line":36,"column":19}},"29":{"start":{"line":37,"column":2},"end":{"line":46,"column":null}},"30":{"start":{"line":38,"column":4},"end":{"line":42,"column":null}},"31":{"start":{"line":38,"column":17},"end":{"line":38,"column":18}},"32":{"start":{"line":39,"column":6},"end":{"line":41,"column":null}},"33":{"start":{"line":40,"column":8},"end":{"line":40,"column":58}},"34":{"start":{"line":43,"column":4},"end":{"line":43,"column":15}},"35":{"start":{"line":45,"column":4},"end":{"line":45,"column":31}},"36":{"start":{"line":47,"column":2},"end":{"line":47,"column":14}},"37":{"start":{"line":72,"column":2},"end":{"line":72,"column":25}},"38":{"start":{"line":50,"column":19},"end":{"line":66,"column":1}},"39":{"start":{"line":51,"column":2},"end":{"line":64,"column":null}},"40":{"start":{"line":52,"column":19},"end":{"line":52,"column":21}},"41":{"start":{"line":54,"column":4},"end":{"line":60,"column":null}},"42":{"start":{"line":55,"column":6},"end":{"line":58,"column":null}},"43":{"start":{"line":55,"column":18},"end":{"line":55,"column":19}},"44":{"start":{"line":56,"column":24},"end":{"line":56,"column":42}},"45":{"start":{"line":57,"column":9},"end":{"line":57,"column":59}},"46":{"start":{"line":59,"column":6},"end":{"line":59,"column":null}},"47":{"start":{"line":61,"column":20},"end":{"line":61,"column":35}},"48":{"start":{"line":62,"column":4},"end":{"line":62,"column":54}},"49":{"start":{"line":63,"column":4},"end":{"line":63,"column":null}},"50":{"start":{"line":65,"column":2},"end":{"line":65,"column":null}},"51":{"start":{"line":73,"column":2},"end":{"line":73,"column":12}}},"fnMap":{"0":{"name":"(anonymous_8)","decl":{"start":{"line":8,"column":29},"end":{"line":8,"column":30}},"loc":{"start":{"line":8,"column":42},"end":{"line":13,"column":1}}},"1":{"name":"(anonymous_9)","decl":{"start":{"line":9,"column":27},"end":{"line":9,"column":28}},"loc":{"start":{"line":10,"column":4},"end":{"line":10,"column":49}}},"2":{"name":"(anonymous_10)","decl":{"start":{"line":15,"column":29},"end":{"line":15,"column":36}},"loc":{"start":{"line":15,"column":59},"end":{"line":22,"column":2}}},"3":{"name":"(anonymous_11)","decl":{"start":{"line":15,"column":59},"end":{"line":15,"column":null}},"loc":{"start":{"line":15,"column":59},"end":{"line":22,"column":1}}},"4":{"name":"(anonymous_12)","decl":{"start":{"line":24,"column":23},"end":{"line":24,"column":30}},"loc":{"start":{"line":24,"column":45},"end":{"line":33,"column":2}}},"5":{"name":"(anonymous_13)","decl":{"start":{"line":24,"column":45},"end":{"line":24,"column":null}},"loc":{"start":{"line":24,"column":45},"end":{"line":33,"column":1}}},"6":{"name":"(anonymous_14)","decl":{"start":{"line":35,"column":32},"end":{"line":35,"column":33}},"loc":{"start":{"line":35,"column":55},"end":{"line":48,"column":1}}},"7":{"name":"(anonymous_15)","decl":{"start":{"line":50,"column":19},"end":{"line":50,"column":20}},"loc":{"start":{"line":50,"column":33},"end":{"line":66,"column":1}}}},"branchMap":{"0":{"loc":{"start":{"line":10,"column":4},"end":{"line":10,"column":49}},"type":"cond-expr","locations":[{"start":{"line":10,"column":29},"end":{"line":10,"column":44}},{"start":{"line":10,"column":47},"end":{"line":10,"column":49}}]},"1":{"loc":{"start":{"line":39,"column":6},"end":{"line":41,"column":null}},"type":"if","locations":[{"start":{"line":39,"column":6},"end":{"line":41,"column":null}}]},"2":{"loc":{"start":{"line":51,"column":2},"end":{"line":64,"column":null}},"type":"if","locations":[{"start":{"line":51,"column":2},"end":{"line":64,"column":null}}]},"3":{"loc":{"start":{"line":54,"column":4},"end":{"line":60,"column":null}},"type":"if","locations":[{"start":{"line":54,"column":4},"end":{"line":60,"column":null}}]}},"s":{"0":1,"1":1,"2":1,"3":1,"4":1,"5":0,"6":0,"7":0,"8":1,"9":1,"10":0,"11":0,"12":0,"13":0,"14":0,"15":0,"16":0,"17":1,"18":1,"19":0,"20":0,"21":0,"22":0,"23":0,"24":0,"25":0,"26":1,"27":1,"28":0,"29":0,"30":0,"31":0,"32":0,"33":0,"34":0,"35":0,"36":0,"37":1,"38":1,"39":0,"40":0,"41":0,"42":0,"43":0,"44":0,"45":0,"46":0,"47":0,"48":0,"49":0,"50":0,"51":1},"f":{"0":0,"1":0,"2":0,"3":0,"4":0,"5":0,"6":0,"7":0},"b":{"0":[0,0],"1":[0],"2":[0],"3":[0]}}
,"/Users/space-be/Desktop/DEV/forbitswap-nfts-api-v2/src/services/provider.services.ts": {"path":"/Users/space-be/Desktop/DEV/forbitswap-nfts-api-v2/src/services/provider.services.ts","statementMap":{"0":{"start":{"line":1,"column":0},"end":{"line":1,"column":null}},"1":{"start":{"line":12,"column":32},"end":{"line":33,"column":1}},"2":{"start":{"line":13,"column":1},"end":{"line":32,"column":null}},"3":{"start":{"line":15,"column":3},"end":{"line":15,"column":27}},"4":{"start":{"line":17,"column":3},"end":{"line":17,"column":22}},"5":{"start":{"line":19,"column":3},"end":{"line":19,"column":25}},"6":{"start":{"line":21,"column":3},"end":{"line":21,"column":25}},"7":{"start":{"line":23,"column":3},"end":{"line":23,"column":27}},"8":{"start":{"line":25,"column":3},"end":{"line":25,"column":27}},"9":{"start":{"line":27,"column":3},"end":{"line":27,"column":31}},"10":{"start":{"line":29,"column":3},"end":{"line":29,"column":31}},"11":{"start":{"line":31,"column":3},"end":{"line":31,"column":27}},"12":{"start":{"line":12,"column":13},"end":{"line":12,"column":32}}},"fnMap":{"0":{"name":"(anonymous_0)","decl":{"start":{"line":12,"column":32},"end":{"line":12,"column":33}},"loc":{"start":{"line":12,"column":52},"end":{"line":33,"column":1}}}},"branchMap":{"0":{"loc":{"start":{"line":13,"column":1},"end":{"line":32,"column":null}},"type":"switch","locations":[{"start":{"line":14,"column":2},"end":{"line":15,"column":27}},{"start":{"line":16,"column":2},"end":{"line":17,"column":22}},{"start":{"line":18,"column":2},"end":{"line":19,"column":25}},{"start":{"line":20,"column":2},"end":{"line":21,"column":25}},{"start":{"line":22,"column":2},"end":{"line":23,"column":27}},{"start":{"line":24,"column":2},"end":{"line":25,"column":27}},{"start":{"line":26,"column":2},"end":{"line":27,"column":31}},{"start":{"line":28,"column":2},"end":{"line":29,"column":31}},{"start":{"line":30,"column":2},"end":{"line":31,"column":27}}]}},"s":{"0":1,"1":1,"2":0,"3":0,"4":0,"5":0,"6":0,"7":0,"8":0,"9":0,"10":0,"11":0,"12":1},"f":{"0":0},"b":{"0":[0,0,0,0,0,0,0,0,0]}}
,"/Users/space-be/Desktop/DEV/forbitswap-nfts-api-v2/src/services/user.services.ts": {"path":"/Users/space-be/Desktop/DEV/forbitswap-nfts-api-v2/src/services/user.services.ts","statementMap":{"0":{"start":{"line":1,"column":0},"end":{"line":1,"column":45}},"1":{"start":{"line":2,"column":0},"end":{"line":2,"column":102}},"2":{"start":{"line":4,"column":36},"end":{"line":13,"column":2}},"3":{"start":{"line":4,"column":66},"end":{"line":13,"column":2}},"4":{"start":{"line":5,"column":15},"end":{"line":5,"column":56}},"5":{"start":{"line":6,"column":1},"end":{"line":9,"column":null}},"6":{"start":{"line":7,"column":15},"end":{"line":7,"column":63}},"7":{"start":{"line":8,"column":2},"end":{"line":8,"column":35}},"8":{"start":{"line":11,"column":14},"end":{"line":11,"column":61}},"9":{"start":{"line":12,"column":1},"end":{"line":12,"column":34}},"10":{"start":{"line":80,"column":9},"end":{"line":80,"column":36}},"11":{"start":{"line":15,"column":31},"end":{"line":17,"column":2}},"12":{"start":{"line":15,"column":61},"end":{"line":17,"column":2}},"13":{"start":{"line":16,"column":1},"end":{"line":16,"column":60}},"14":{"start":{"line":80,"column":38},"end":{"line":80,"column":60}},"15":{"start":{"line":19,"column":26},"end":{"line":47,"column":2}},"16":{"start":{"line":27,"column":4},"end":{"line":47,"column":2}},"17":{"start":{"line":28,"column":14},"end":{"line":43,"column":null}},"18":{"start":{"line":46,"column":1},"end":{"line":46,"column":32}},"19":{"start":{"line":80,"column":62},"end":{"line":80,"column":79}},"20":{"start":{"line":49,"column":27},"end":{"line":64,"column":2}},"21":{"start":{"line":49,"column":57},"end":{"line":64,"column":2}},"22":{"start":{"line":50,"column":14},"end":{"line":60,"column":null}},"23":{"start":{"line":63,"column":1},"end":{"line":63,"column":32}},"24":{"start":{"line":80,"column":81},"end":{"line":80,"column":99}},"25":{"start":{"line":66,"column":26},"end":{"line":78,"column":1}},"26":{"start":{"line":67,"column":21},"end":{"line":76,"column":3}},"27":{"start":{"line":77,"column":1},"end":{"line":77,"column":20}}},"fnMap":{"0":{"name":"(anonymous_8)","decl":{"start":{"line":4,"column":36},"end":{"line":4,"column":43}},"loc":{"start":{"line":4,"column":66},"end":{"line":13,"column":2}}},"1":{"name":"(anonymous_9)","decl":{"start":{"line":4,"column":66},"end":{"line":4,"column":null}},"loc":{"start":{"line":4,"column":66},"end":{"line":13,"column":1}}},"2":{"name":"(anonymous_10)","decl":{"start":{"line":15,"column":31},"end":{"line":15,"column":38}},"loc":{"start":{"line":15,"column":61},"end":{"line":17,"column":2}}},"3":{"name":"(anonymous_11)","decl":{"start":{"line":15,"column":61},"end":{"line":15,"column":null}},"loc":{"start":{"line":15,"column":61},"end":{"line":17,"column":1}}},"4":{"name":"(anonymous_12)","decl":{"start":{"line":19,"column":26},"end":{"line":19,"column":null}},"loc":{"start":{"line":27,"column":4},"end":{"line":47,"column":2}}},"5":{"name":"(anonymous_13)","decl":{"start":{"line":27,"column":4},"end":{"line":27,"column":null}},"loc":{"start":{"line":27,"column":4},"end":{"line":47,"column":1}}},"6":{"name":"(anonymous_14)","decl":{"start":{"line":49,"column":27},"end":{"line":49,"column":34}},"loc":{"start":{"line":49,"column":57},"end":{"line":64,"column":2}}},"7":{"name":"(anonymous_15)","decl":{"start":{"line":49,"column":57},"end":{"line":49,"column":null}},"loc":{"start":{"line":49,"column":57},"end":{"line":64,"column":1}}},"8":{"name":"(anonymous_16)","decl":{"start":{"line":66,"column":26},"end":{"line":66,"column":27}},"loc":{"start":{"line":66,"column":40},"end":{"line":78,"column":1}}}},"branchMap":{"0":{"loc":{"start":{"line":6,"column":1},"end":{"line":9,"column":null}},"type":"if","locations":[{"start":{"line":6,"column":1},"end":{"line":9,"column":null}}]}},"s":{"0":1,"1":1,"2":1,"3":0,"4":0,"5":0,"6":0,"7":0,"8":0,"9":0,"10":1,"11":1,"12":0,"13":0,"14":1,"15":1,"16":0,"17":0,"18":0,"19":1,"20":1,"21":0,"22":0,"23":0,"24":1,"25":1,"26":0,"27":0},"f":{"0":0,"1":0,"2":0,"3":0,"4":0,"5":0,"6":0,"7":0,"8":0},"b":{"0":[0]}}
,"/Users/space-be/Desktop/DEV/forbitswap-nfts-api-v2/src/services/web3.services.ts": {"path":"/Users/space-be/Desktop/DEV/forbitswap-nfts-api-v2/src/services/web3.services.ts","statementMap":{"0":{"start":{"line":1,"column":39},"end":{"line":1,"column":50}},"1":{"start":{"line":3,"column":30},"end":{"line":10,"column":2}},"2":{"start":{"line":7,"column":4},"end":{"line":10,"column":2}},"3":{"start":{"line":8,"column":19},"end":{"line":8,"column":71}},"4":{"start":{"line":9,"column":2},"end":{"line":9,"column":18}},"5":{"start":{"line":84,"column":2},"end":{"line":84,"column":23}},"6":{"start":{"line":12,"column":31},"end":{"line":14,"column":2}},"7":{"start":{"line":12,"column":65},"end":{"line":14,"column":2}},"8":{"start":{"line":13,"column":2},"end":{"line":13,"column":47}},"9":{"start":{"line":90,"column":2},"end":{"line":90,"column":24}},"10":{"start":{"line":16,"column":25},"end":{"line":18,"column":2}},"11":{"start":{"line":16,"column":65},"end":{"line":18,"column":2}},"12":{"start":{"line":17,"column":2},"end":{"line":17,"column":48}},"13":{"start":{"line":85,"column":2},"end":{"line":85,"column":18}},"14":{"start":{"line":20,"column":20},"end":{"line":22,"column":2}},"15":{"start":{"line":20,"column":43},"end":{"line":22,"column":2}},"16":{"start":{"line":21,"column":2},"end":{"line":21,"column":41}},"17":{"start":{"line":86,"column":2},"end":{"line":86,"column":13}},"18":{"start":{"line":24,"column":35},"end":{"line":29,"column":2}},"19":{"start":{"line":27,"column":4},"end":{"line":29,"column":2}},"20":{"start":{"line":28,"column":2},"end":{"line":28,"column":66}},"21":{"start":{"line":87,"column":2},"end":{"line":87,"column":28}},"22":{"start":{"line":31,"column":39},"end":{"line":52,"column":2}},"23":{"start":{"line":40,"column":4},"end":{"line":52,"column":2}},"24":{"start":{"line":41,"column":2},"end":{"line":51,"column":4}},"25":{"start":{"line":89,"column":2},"end":{"line":89,"column":32}},"26":{"start":{"line":54,"column":37},"end":{"line":56,"column":2}},"27":{"start":{"line":54,"column":76},"end":{"line":56,"column":2}},"28":{"start":{"line":55,"column":2},"end":{"line":55,"column":75}},"29":{"start":{"line":88,"column":2},"end":{"line":88,"column":30}}},"fnMap":{"0":{"name":"(anonymous_7)","decl":{"start":{"line":3,"column":30},"end":{"line":3,"column":null}},"loc":{"start":{"line":7,"column":4},"end":{"line":10,"column":2}}},"1":{"name":"(anonymous_8)","decl":{"start":{"line":7,"column":4},"end":{"line":7,"column":null}},"loc":{"start":{"line":7,"column":4},"end":{"line":10,"column":1}}},"2":{"name":"(anonymous_9)","decl":{"start":{"line":12,"column":31},"end":{"line":12,"column":37}},"loc":{"start":{"line":12,"column":65},"end":{"line":14,"column":2}}},"3":{"name":"(anonymous_10)","decl":{"start":{"line":12,"column":65},"end":{"line":12,"column":null}},"loc":{"start":{"line":12,"column":65},"end":{"line":14,"column":1}}},"4":{"name":"(anonymous_11)","decl":{"start":{"line":16,"column":25},"end":{"line":16,"column":32}},"loc":{"start":{"line":16,"column":65},"end":{"line":18,"column":2}}},"5":{"name":"(anonymous_12)","decl":{"start":{"line":16,"column":65},"end":{"line":16,"column":null}},"loc":{"start":{"line":16,"column":65},"end":{"line":18,"column":1}}},"6":{"name":"(anonymous_13)","decl":{"start":{"line":20,"column":20},"end":{"line":20,"column":27}},"loc":{"start":{"line":20,"column":43},"end":{"line":22,"column":2}}},"7":{"name":"(anonymous_14)","decl":{"start":{"line":20,"column":43},"end":{"line":20,"column":null}},"loc":{"start":{"line":20,"column":43},"end":{"line":22,"column":1}}},"8":{"name":"(anonymous_15)","decl":{"start":{"line":24,"column":35},"end":{"line":24,"column":null}},"loc":{"start":{"line":27,"column":4},"end":{"line":29,"column":2}}},"9":{"name":"(anonymous_16)","decl":{"start":{"line":27,"column":4},"end":{"line":27,"column":null}},"loc":{"start":{"line":27,"column":4},"end":{"line":29,"column":1}}},"10":{"name":"(anonymous_17)","decl":{"start":{"line":31,"column":39},"end":{"line":31,"column":null}},"loc":{"start":{"line":40,"column":4},"end":{"line":52,"column":2}}},"11":{"name":"(anonymous_18)","decl":{"start":{"line":40,"column":4},"end":{"line":40,"column":null}},"loc":{"start":{"line":40,"column":4},"end":{"line":52,"column":1}}},"12":{"name":"(anonymous_19)","decl":{"start":{"line":54,"column":37},"end":{"line":54,"column":44}},"loc":{"start":{"line":54,"column":76},"end":{"line":56,"column":2}}},"13":{"name":"(anonymous_20)","decl":{"start":{"line":54,"column":76},"end":{"line":54,"column":null}},"loc":{"start":{"line":54,"column":76},"end":{"line":56,"column":1}}}},"branchMap":{"0":{"loc":{"start":{"line":26,"column":2},"end":{"line":26,"column":51}},"type":"default-arg","locations":[{"start":{"line":26,"column":25},"end":{"line":26,"column":51}}]}},"s":{"0":1,"1":1,"2":0,"3":0,"4":0,"5":1,"6":1,"7":0,"8":0,"9":1,"10":1,"11":0,"12":0,"13":1,"14":1,"15":0,"16":0,"17":1,"18":1,"19":0,"20":0,"21":1,"22":1,"23":0,"24":0,"25":1,"26":1,"27":0,"28":0,"29":1},"f":{"0":0,"1":0,"2":0,"3":0,"4":0,"5":0,"6":0,"7":0,"8":0,"9":0,"10":0,"11":0,"12":0,"13":0},"b":{"0":[0]}}
}
