TN:
SF:src/app.ts
FN:17,(anonymous_7)
FN:29,(anonymous_8)
FNF:2
FNH:2
FNDA:1,(anonymous_7)
FNDA:1,(anonymous_8)
DA:1,1
DA:2,1
DA:4,1
DA:5,1
DA:6,1
DA:7,1
DA:8,1
DA:9,1
DA:10,1
DA:12,1
DA:14,1
DA:17,1
DA:18,1
DA:19,1
DA:20,1
DA:21,1
DA:22,1
DA:23,1
DA:24,1
DA:25,1
DA:27,1
DA:29,1
DA:30,1
DA:34,1
LF:24
LH:24
BRDA:14,0,0,1
BRDA:14,0,1,0
BRF:2
BRH:1
end_of_record
TN:
SF:src/config/cors.config.ts
FNF:0
FNH:0
DA:1,1
LF:1
LH:1
BRF:0
BRH:0
end_of_record
TN:
SF:src/config/db.config.ts
FN:5,(anonymous_1)
FN:9,(anonymous_2)
FNF:2
FNH:2
FNDA:1,(anonymous_1)
FNDA:1,(anonymous_2)
DA:1,1
DA:3,1
DA:5,1
DA:6,1
DA:7,1
DA:10,1
DA:11,0
DA:13,1
DA:18,0
DA:22,1
LF:10
LH:8
BRDA:10,0,0,0
BRDA:10,0,1,1
BRF:2
BRH:1
end_of_record
TN:
SF:src/config/provider.config.ts
FN:29,(anonymous_1)
FN:34,(anonymous_2)
FN:39,(anonymous_3)
FN:46,(anonymous_4)
FN:50,(anonymous_5)
FN:54,(anonymous_6)
FN:58,(anonymous_7)
FN:62,(anonymous_8)
FN:66,(anonymous_9)
FN:70,(anonymous_10)
FN:74,(anonymous_11)
FNF:11
FNH:9
FNDA:8,(anonymous_1)
FNDA:0,(anonymous_2)
FNDA:0,(anonymous_3)
FNDA:1,(anonymous_4)
FNDA:1,(anonymous_5)
FNDA:1,(anonymous_6)
FNDA:1,(anonymous_7)
FNDA:1,(anonymous_8)
FNDA:1,(anonymous_9)
FNDA:1,(anonymous_10)
FNDA:1,(anonymous_11)
DA:1,1
DA:3,1
DA:4,1
DA:5,1
DA:6,1
DA:7,1
DA:8,1
DA:9,1
DA:10,1
DA:11,1
DA:13,1
DA:29,1
DA:30,8
DA:31,8
DA:32,8
DA:34,8
DA:35,0
DA:36,0
DA:39,8
DA:40,0
DA:41,0
DA:43,8
DA:46,1
DA:47,1
DA:50,1
DA:51,1
DA:54,1
DA:55,1
DA:58,1
DA:59,1
DA:62,1
DA:63,1
DA:66,1
DA:67,1
DA:70,1
DA:71,1
DA:74,1
DA:75,1
DA:78,1
DA:80,1
DA:82,1
DA:84,1
DA:86,1
DA:88,1
DA:90,1
DA:92,1
DA:94,1
LF:47
LH:43
BRF:0
BRH:0
end_of_record
TN:
SF:src/constant/addressToken.constant.ts
FNF:0
FNH:0
DA:1,1
LF:1
LH:1
BRF:0
BRH:0
end_of_record
TN:
SF:src/constant/alchemy.constant.ts
FN:2,(anonymous_0)
FNF:1
FNH:0
FNDA:0,(anonymous_0)
DA:1,1
DA:2,1
DA:3,0
DA:4,0
DA:5,0
DA:6,0
DA:7,0
DA:9,0
DA:11,0
DA:13,0
DA:15,0
DA:17,0
DA:21,1
LF:13
LH:3
BRDA:7,0,0,0
BRDA:7,0,1,0
BRDA:7,0,2,0
BRDA:7,0,3,0
BRDA:7,0,4,0
BRF:5
BRH:0
end_of_record
TN:
SF:src/constant/changePrice.constant.ts
FNF:0
FNH:0
DA:1,1
LF:1
LH:1
BRF:0
BRH:0
end_of_record
TN:
SF:src/constant/condition.constant.ts
FN:1,(anonymous_0)
FN:18,(anonymous_1)
FNF:2
FNH:0
FNDA:0,(anonymous_0)
FNDA:0,(anonymous_1)
DA:1,1
DA:2,0
DA:4,0
DA:6,0
DA:8,0
DA:10,0
DA:12,0
DA:14,0
DA:18,1
DA:19,0
DA:21,0
DA:23,0
LF:12
LH:2
BRDA:2,0,0,0
BRDA:2,0,1,0
BRDA:2,0,2,0
BRDA:2,0,3,0
BRDA:2,0,4,0
BRDA:2,0,5,0
BRDA:19,1,0,0
BRDA:19,1,1,0
BRF:8
BRH:0
end_of_record
TN:
SF:src/constant/contract.constant.ts
FNF:0
FNH:0
DA:1,1
DA:7,1
LF:2
LH:2
BRF:0
BRH:0
end_of_record
TN:
SF:src/constant/default.constant.ts
FNF:0
FNH:0
DA:1,1
DA:4,1
DA:6,1
DA:8,1
DA:10,1
LF:5
LH:5
BRF:0
BRH:0
end_of_record
TN:
SF:src/constant/item.constant.ts
FNF:0
FNH:0
DA:1,1
DA:9,1
LF:2
LH:2
BRF:0
BRH:0
end_of_record
TN:
SF:src/controllers/buy.controllers.ts
FN:9,(anonymous_7)
FN:9,(anonymous_8)
FNF:2
FNH:0
FNDA:0,(anonymous_7)
FNDA:0,(anonymous_8)
DA:2,1
DA:3,1
DA:4,1
DA:5,1
DA:6,1
DA:9,1
DA:40,0
DA:42,0
DA:44,0
DA:52,0
DA:53,0
DA:62,0
DA:86,0
DA:89,0
DA:90,0
DA:95,0
DA:98,1
LF:17
LH:7
BRDA:89,0,0,0
BRDA:89,1,0,0
BRDA:89,1,1,0
BRF:3
BRH:0
end_of_record
TN:
SF:src/controllers/collection.controllers.ts
FN:11,(anonymous_7)
FN:11,(anonymous_8)
FN:37,(anonymous_9)
FN:37,(anonymous_10)
FN:59,(anonymous_11)
FN:59,(anonymous_12)
FN:82,(anonymous_13)
FN:82,(anonymous_14)
FN:96,(anonymous_15)
FN:96,(anonymous_16)
FNF:10
FNH:0
FNDA:0,(anonymous_7)
FNDA:0,(anonymous_8)
FNDA:0,(anonymous_9)
FNDA:0,(anonymous_10)
FNDA:0,(anonymous_11)
FNDA:0,(anonymous_12)
FNDA:0,(anonymous_13)
FNDA:0,(anonymous_14)
FNDA:0,(anonymous_15)
FNDA:0,(anonymous_16)
DA:2,1
DA:11,1
DA:12,0
DA:13,0
DA:15,0
DA:16,0
DA:27,0
DA:28,0
DA:31,0
DA:33,0
DA:37,1
DA:38,0
DA:39,0
DA:41,0
DA:42,0
DA:51,0
DA:52,0
DA:53,0
DA:55,0
DA:59,1
DA:60,0
DA:61,0
DA:62,0
DA:63,0
DA:64,0
DA:66,0
DA:67,0
DA:76,0
DA:78,0
DA:82,1
DA:83,0
DA:85,0
DA:86,0
DA:90,0
DA:92,0
DA:96,1
DA:97,0
DA:98,0
DA:99,0
DA:100,0
DA:102,0
DA:107,1
DA:108,1
DA:109,1
DA:110,1
DA:111,1
LF:46
LH:11
BRDA:27,0,0,0
BRDA:51,1,0,0
BRDA:51,1,1,0
BRF:3
BRH:0
end_of_record
TN:
SF:src/controllers/history.controllers.ts
FN:10,(anonymous_7)
FN:10,(anonymous_8)
FN:20,(anonymous_9)
FN:20,(anonymous_10)
FN:30,(anonymous_11)
FN:30,(anonymous_12)
FN:41,(anonymous_13)
FN:41,(anonymous_14)
FN:65,(anonymous_15)
FN:65,(anonymous_16)
FNF:10
FNH:0
FNDA:0,(anonymous_7)
FNDA:0,(anonymous_8)
FNDA:0,(anonymous_9)
FNDA:0,(anonymous_10)
FNDA:0,(anonymous_11)
FNDA:0,(anonymous_12)
FNDA:0,(anonymous_13)
FNDA:0,(anonymous_14)
FNDA:0,(anonymous_15)
FNDA:0,(anonymous_16)
DA:2,1
DA:10,1
DA:11,0
DA:12,0
DA:13,0
DA:14,0
DA:16,0
DA:20,1
DA:21,0
DA:22,0
DA:23,0
DA:24,0
DA:26,0
DA:30,1
DA:31,0
DA:32,0
DA:33,0
DA:34,0
DA:36,0
DA:41,1
DA:42,0
DA:43,0
DA:44,0
DA:55,0
DA:56,0
DA:59,0
DA:62,0
DA:65,1
DA:66,0
DA:67,0
DA:68,0
DA:79,0
DA:80,0
DA:83,0
DA:86,0
DA:92,1
DA:93,1
DA:94,1
DA:95,1
DA:96,1
LF:40
LH:11
BRDA:55,0,0,0
BRDA:79,1,0,0
BRF:2
BRH:0
end_of_record
TN:
SF:src/controllers/item.controllers.ts
FN:23,(anonymous_7)
FN:23,(anonymous_8)
FN:84,(anonymous_9)
FN:84,(anonymous_10)
FN:97,(anonymous_11)
FN:97,(anonymous_12)
FN:128,(anonymous_13)
FN:128,(anonymous_14)
FN:164,(anonymous_15)
FN:164,(anonymous_16)
FN:178,(anonymous_17)
FN:178,(anonymous_18)
FN:191,(anonymous_19)
FN:191,(anonymous_20)
FN:204,(anonymous_21)
FN:204,(anonymous_22)
FN:216,(anonymous_23)
FN:216,(anonymous_24)
FN:234,(anonymous_25)
FN:234,(anonymous_26)
FN:255,(anonymous_27)
FN:255,(anonymous_28)
FNF:22
FNH:0
FNDA:0,(anonymous_7)
FNDA:0,(anonymous_8)
FNDA:0,(anonymous_9)
FNDA:0,(anonymous_10)
FNDA:0,(anonymous_11)
FNDA:0,(anonymous_12)
FNDA:0,(anonymous_13)
FNDA:0,(anonymous_14)
FNDA:0,(anonymous_15)
FNDA:0,(anonymous_16)
FNDA:0,(anonymous_17)
FNDA:0,(anonymous_18)
FNDA:0,(anonymous_19)
FNDA:0,(anonymous_20)
FNDA:0,(anonymous_21)
FNDA:0,(anonymous_22)
FNDA:0,(anonymous_23)
FNDA:0,(anonymous_24)
FNDA:0,(anonymous_25)
FNDA:0,(anonymous_26)
FNDA:0,(anonymous_27)
FNDA:0,(anonymous_28)
DA:2,1
DA:6,1
DA:19,1
DA:20,1
DA:21,1
DA:23,1
DA:24,0
DA:25,0
DA:38,0
DA:40,0
DA:43,0
DA:59,0
DA:60,0
DA:72,0
DA:76,0
DA:79,0
DA:81,0
DA:84,1
DA:85,0
DA:86,0
DA:87,0
DA:88,0
DA:89,0
DA:92,0
DA:94,0
DA:97,1
DA:98,0
DA:99,0
DA:100,0
DA:101,0
DA:102,0
DA:103,0
DA:104,0
DA:105,0
DA:106,0
DA:107,0
DA:109,0
DA:110,0
DA:122,0
DA:124,0
DA:128,1
DA:129,0
DA:130,0
DA:131,0
DA:132,0
DA:133,0
DA:134,0
DA:135,0
DA:136,0
DA:137,0
DA:138,0
DA:139,0
DA:140,0
DA:141,0
DA:142,0
DA:158,0
DA:160,0
DA:164,1
DA:165,0
DA:166,0
DA:168,0
DA:169,0
DA:171,0
DA:173,0
DA:175,0
DA:178,1
DA:179,0
DA:180,0
DA:182,0
DA:183,0
DA:184,0
DA:186,0
DA:188,0
DA:191,1
DA:192,0
DA:193,0
DA:194,0
DA:195,0
DA:197,0
DA:199,0
DA:201,0
DA:204,1
DA:205,0
DA:206,0
DA:207,0
DA:208,0
DA:209,0
DA:211,0
DA:213,0
DA:216,1
DA:217,0
DA:218,0
DA:219,0
DA:220,0
DA:221,0
DA:223,0
DA:225,0
DA:234,1
DA:235,0
DA:236,0
DA:238,0
DA:240,0
DA:241,0
DA:243,0
DA:245,0
DA:255,1
DA:256,0
DA:257,0
DA:258,0
DA:259,0
DA:260,0
DA:261,0
DA:263,0
DA:265,0
DA:270,1
DA:271,1
DA:272,1
DA:273,1
DA:274,1
DA:275,1
DA:276,1
DA:277,1
DA:278,1
DA:279,1
DA:280,1
LF:125
LH:27
BRDA:72,0,0,0
BRDA:72,1,0,0
BRDA:72,1,1,0
BRDA:88,2,0,0
BRDA:240,3,0,0
BRDA:258,4,0,0
BRDA:260,5,0,0
BRF:7
BRH:0
end_of_record
TN:
SF:src/controllers/order.controller.ts
FN:21,(anonymous_8)
FN:21,(anonymous_9)
FN:40,(anonymous_10)
FN:40,(anonymous_11)
FN:57,(anonymous_12)
FN:57,(anonymous_13)
FN:86,(anonymous_14)
FN:86,(anonymous_15)
FN:105,(anonymous_16)
FN:105,(anonymous_17)
FN:123,(anonymous_18)
FN:123,(anonymous_19)
FN:156,(anonymous_20)
FN:156,(anonymous_21)
FN:179,(anonymous_22)
FN:179,(anonymous_23)
FNF:16
FNH:0
FNDA:0,(anonymous_8)
FNDA:0,(anonymous_9)
FNDA:0,(anonymous_10)
FNDA:0,(anonymous_11)
FNDA:0,(anonymous_12)
FNDA:0,(anonymous_13)
FNDA:0,(anonymous_14)
FNDA:0,(anonymous_15)
FNDA:0,(anonymous_16)
FNDA:0,(anonymous_17)
FNDA:0,(anonymous_18)
FNDA:0,(anonymous_19)
FNDA:0,(anonymous_20)
FNDA:0,(anonymous_21)
FNDA:0,(anonymous_22)
FNDA:0,(anonymous_23)
DA:3,1
DA:4,1
DA:21,1
DA:22,0
DA:23,0
DA:24,0
DA:25,0
DA:26,0
DA:28,0
DA:40,1
DA:41,0
DA:42,0
DA:43,0
DA:44,0
DA:45,0
DA:47,0
DA:57,1
DA:58,0
DA:59,0
DA:66,0
DA:68,0
DA:71,0
DA:72,0
DA:73,0
DA:75,0
DA:86,1
DA:87,0
DA:88,0
DA:89,0
DA:90,0
DA:91,0
DA:92,0
DA:95,0
DA:105,1
DA:106,0
DA:107,0
DA:108,0
DA:109,0
DA:110,0
DA:111,0
DA:113,0
DA:123,1
DA:124,0
DA:125,0
DA:127,0
DA:128,0
DA:129,0
DA:130,0
DA:131,0
DA:132,0
DA:133,0
DA:134,0
DA:136,0
DA:138,0
DA:140,0
DA:141,0
DA:142,0
DA:145,0
DA:156,1
DA:157,0
DA:158,0
DA:159,0
DA:160,0
DA:161,0
DA:163,0
DA:164,0
DA:165,0
DA:168,0
DA:179,1
DA:180,0
DA:181,0
DA:182,0
DA:183,0
DA:184,0
DA:185,0
DA:188,0
DA:194,1
DA:195,1
DA:196,1
DA:197,1
DA:198,1
DA:199,1
LF:82
LH:16
BRDA:24,0,0,0
BRDA:43,1,0,0
BRDA:71,2,0,0
BRDA:90,3,0,0
BRDA:109,4,0,0
BRDA:140,5,0,0
BRDA:163,6,0,0
BRDA:183,7,0,0
BRF:8
BRH:0
end_of_record
TN:
SF:src/controllers/sell.controllers.ts
FN:9,(anonymous_7)
FN:9,(anonymous_8)
FN:18,(anonymous_9)
FN:18,(anonymous_10)
FN:28,(anonymous_11)
FN:28,(anonymous_12)
FNF:6
FNH:0
FNDA:0,(anonymous_7)
FNDA:0,(anonymous_8)
FNDA:0,(anonymous_9)
FNDA:0,(anonymous_10)
FNDA:0,(anonymous_11)
FNDA:0,(anonymous_12)
DA:2,1
DA:3,1
DA:4,1
DA:5,1
DA:9,1
DA:10,0
DA:11,0
DA:12,0
DA:15,0
DA:18,1
DA:19,0
DA:20,0
DA:21,0
DA:24,0
DA:28,1
DA:60,0
DA:62,0
DA:64,0
DA:72,0
DA:73,0
DA:82,0
DA:83,0
DA:87,0
DA:112,0
DA:113,0
DA:117,0
DA:120,0
DA:124,1
DA:125,1
DA:126,1
LF:30
LH:10
BRDA:82,0,0,0
BRDA:112,1,0,0
BRF:2
BRH:0
end_of_record
TN:
SF:src/controllers/signature.controllers.ts
FN:4,(anonymous_8)
FN:4,(anonymous_9)
FNF:2
FNH:0
FNDA:0,(anonymous_8)
FNDA:0,(anonymous_9)
DA:2,1
DA:3,1
DA:4,1
DA:5,0
DA:6,0
DA:7,0
DA:9,0
DA:10,0
DA:11,0
DA:13,0
DA:17,1
LF:11
LH:4
BRDA:9,0,0,0
BRF:1
BRH:0
end_of_record
TN:
SF:src/controllers/user.controllers.ts
FN:6,(anonymous_7)
FN:6,(anonymous_8)
FN:21,(anonymous_9)
FN:21,(anonymous_10)
FNF:4
FNH:0
FNDA:0,(anonymous_7)
FNDA:0,(anonymous_8)
FNDA:0,(anonymous_9)
FNDA:0,(anonymous_10)
DA:2,1
DA:3,1
DA:4,1
DA:6,1
DA:7,0
DA:8,0
DA:9,0
DA:10,0
DA:11,0
DA:12,0
DA:15,0
DA:17,0
DA:21,1
DA:22,0
DA:23,0
DA:24,0
DA:25,0
DA:26,0
DA:27,0
DA:30,0
DA:32,0
DA:35,1
LF:22
LH:6
BRDA:10,0,0,0
BRDA:26,1,0,0
BRF:2
BRH:0
end_of_record
TN:
SF:src/middlewares/checkCollection.middlewares.ts
FN:10,(anonymous_7)
FN:10,(anonymous_8)
FN:29,(anonymous_9)
FN:29,(anonymous_10)
FN:47,(anonymous_11)
FN:47,(anonymous_12)
FNF:6
FNH:0
FNDA:0,(anonymous_7)
FNDA:0,(anonymous_8)
FNDA:0,(anonymous_9)
FNDA:0,(anonymous_10)
FNDA:0,(anonymous_11)
FNDA:0,(anonymous_12)
DA:2,1
DA:4,1
DA:10,1
DA:11,0
DA:12,0
DA:14,0
DA:15,0
DA:17,0
DA:18,0
DA:21,0
DA:24,0
DA:26,0
DA:29,1
DA:30,0
DA:31,0
DA:32,0
DA:33,0
DA:34,0
DA:35,0
DA:36,0
DA:37,0
DA:39,0
DA:42,0
DA:44,0
DA:47,1
DA:48,0
DA:49,0
DA:50,0
DA:51,0
DA:52,0
DA:54,0
DA:57,1
LF:32
LH:6
BRDA:12,0,0,0
BRDA:12,0,1,0
BRDA:14,1,0,0
BRDA:14,1,1,0
BRDA:17,2,0,0
BRDA:32,3,0,0
BRDA:32,3,1,0
BRDA:33,4,0,0
BRDA:33,5,0,0
BRDA:33,5,1,0
BRDA:36,6,0,0
BRDA:51,7,0,0
BRDA:51,8,0,0
BRDA:51,8,1,0
BRF:14
BRH:0
end_of_record
TN:
SF:src/middlewares/checkHistory.middlewares.ts
FN:4,(anonymous_7)
FN:4,(anonymous_8)
FNF:2
FNH:0
FNDA:0,(anonymous_7)
FNDA:0,(anonymous_8)
DA:2,1
DA:4,1
DA:5,0
DA:7,0
DA:8,0
DA:10,0
DA:11,0
DA:14,0
DA:17,0
DA:20,1
LF:10
LH:3
BRDA:5,0,0,0
BRDA:5,0,1,0
BRDA:7,1,0,0
BRDA:7,1,1,0
BRDA:10,2,0,0
BRF:5
BRH:0
end_of_record
TN:
SF:src/middlewares/checkItem.middleware.ts
FN:10,(anonymous_7)
FN:10,(anonymous_8)
FN:27,(anonymous_9)
FN:27,(anonymous_10)
FN:39,(anonymous_11)
FN:39,(anonymous_12)
FN:49,(anonymous_13)
FNF:7
FNH:0
FNDA:0,(anonymous_7)
FNDA:0,(anonymous_8)
FNDA:0,(anonymous_9)
FNDA:0,(anonymous_10)
FNDA:0,(anonymous_11)
FNDA:0,(anonymous_12)
FNDA:0,(anonymous_13)
DA:2,1
DA:3,1
DA:10,1
DA:11,0
DA:12,0
DA:14,0
DA:15,0
DA:17,0
DA:18,0
DA:22,0
DA:24,0
DA:27,1
DA:28,0
DA:29,0
DA:30,0
DA:31,0
DA:33,0
DA:34,0
DA:36,0
DA:39,1
DA:40,0
DA:41,0
DA:42,0
DA:43,0
DA:44,0
DA:46,0
DA:49,1
DA:50,0
DA:51,0
DA:52,0
DA:54,0
DA:57,1
LF:32
LH:7
BRDA:14,0,0,0
BRDA:17,1,0,0
BRDA:33,2,0,0
BRDA:33,3,0,0
BRDA:33,3,1,0
BRDA:33,3,2,0
BRDA:40,4,0,0
BRDA:40,4,1,0
BRDA:41,5,0,0
BRDA:41,5,1,0
BRDA:43,6,0,0
BRDA:51,7,0,0
BRF:12
BRH:0
end_of_record
TN:
SF:src/middlewares/checkOrder.middlewares.ts
FN:5,(anonymous_8)
FN:5,(anonymous_9)
FN:19,(anonymous_10)
FN:19,(anonymous_11)
FNF:4
FNH:0
FNDA:0,(anonymous_8)
FNDA:0,(anonymous_9)
FNDA:0,(anonymous_10)
FNDA:0,(anonymous_11)
DA:2,1
DA:3,1
DA:5,1
DA:6,0
DA:8,0
DA:9,0
DA:10,0
DA:11,0
DA:13,0
DA:15,0
DA:19,1
DA:20,0
DA:22,1
LF:13
LH:5
BRDA:6,0,0,0
BRDA:6,0,1,0
BRDA:10,1,0,0
BRDA:10,2,0,0
BRDA:10,2,1,0
BRF:5
BRH:0
end_of_record
TN:
SF:src/middlewares/checkOther.middlewares.ts
FN:4,(anonymous_7)
FN:21,(anonymous_8)
FN:39,(anonymous_9)
FN:43,(anonymous_10)
FNF:4
FNH:0
FNDA:0,(anonymous_7)
FNDA:0,(anonymous_8)
FNDA:0,(anonymous_9)
FNDA:0,(anonymous_10)
DA:2,1
DA:4,1
DA:9,0
DA:11,0
DA:12,0
DA:13,0
DA:15,0
DA:17,0
DA:21,1
DA:26,0
DA:28,0
DA:29,0
DA:30,0
DA:33,0
DA:35,0
DA:39,1
DA:43,0
DA:44,0
DA:45,0
DA:47,0
DA:50,1
LF:21
LH:5
BRDA:9,0,0,0
BRDA:9,0,1,0
BRDA:12,1,0,0
BRDA:12,2,0,0
BRDA:12,2,1,0
BRDA:26,3,0,0
BRDA:26,3,1,0
BRDA:29,4,0,0
BRDA:29,5,0,0
BRDA:29,5,1,0
BRDA:44,6,0,0
BRF:11
BRH:0
end_of_record
TN:
SF:src/middlewares/checkUser.middlewares.ts
FN:5,(anonymous_7)
FN:5,(anonymous_8)
FNF:2
FNH:0
FNDA:0,(anonymous_7)
FNDA:0,(anonymous_8)
DA:3,1
DA:5,1
DA:6,0
DA:7,0
DA:9,0
DA:11,0
DA:12,0
DA:15,0
DA:18,0
DA:21,1
LF:10
LH:3
BRDA:7,0,0,0
BRDA:7,0,1,0
BRDA:11,1,0,0
BRF:3
BRH:0
end_of_record
TN:
SF:src/models/Order.model.ts
FNF:0
FNH:0
DA:1,1
DA:3,1
DA:29,1
LF:3
LH:3
BRF:0
BRH:0
end_of_record
TN:
SF:src/models/OrderBase.model.ts
FNF:0
FNH:0
DA:1,1
DA:3,1
DA:13,1
LF:3
LH:3
BRF:0
BRH:0
end_of_record
TN:
SF:src/models/Signature.model.ts
FNF:0
FNH:0
DA:1,1
DA:3,1
DA:14,1
LF:3
LH:3
BRF:0
BRH:0
end_of_record
TN:
SF:src/models/collection.model.ts
FNF:0
FNH:0
DA:1,1
DA:2,1
DA:3,1
DA:5,1
DA:49,1
LF:5
LH:5
BRF:0
BRH:0
end_of_record
TN:
SF:src/models/history.model.ts
FNF:0
FNH:0
DA:1,1
DA:2,1
DA:4,1
DA:19,1
LF:4
LH:4
BRF:0
BRH:0
end_of_record
TN:
SF:src/models/item.model.ts
FNF:0
FNH:0
DA:1,1
DA:2,1
DA:9,1
DA:11,1
DA:84,1
LF:5
LH:5
BRF:0
BRH:0
end_of_record
TN:
SF:src/models/sellHistory.model.ts
FNF:0
FNH:0
DA:1,1
DA:2,1
DA:4,1
DA:35,1
LF:4
LH:4
BRF:0
BRH:0
end_of_record
TN:
SF:src/models/user.model.ts
FNF:0
FNH:0
DA:1,1
DA:2,1
DA:3,1
DA:5,1
DA:45,1
LF:5
LH:5
BRF:0
BRH:0
end_of_record
TN:
SF:src/routes/api.routes.ts
FNF:0
FNH:0
DA:1,1
DA:2,1
DA:3,1
DA:4,1
DA:5,1
DA:6,1
DA:7,1
DA:8,1
DA:9,1
DA:10,1
DA:12,1
DA:14,1
DA:16,1
DA:18,1
DA:20,1
DA:22,1
DA:24,1
DA:26,1
DA:28,1
DA:30,1
DA:32,1
LF:21
LH:21
BRF:0
BRH:0
end_of_record
TN:
SF:src/routes/buy.routes.ts
FNF:0
FNH:0
DA:1,1
DA:2,1
DA:3,1
DA:5,1
DA:7,1
DA:13,1
LF:6
LH:6
BRF:0
BRH:0
end_of_record
TN:
SF:src/routes/collection.routes.ts
FNF:0
FNH:0
DA:1,1
DA:2,1
DA:9,1
DA:14,1
DA:19,1
DA:21,1
DA:24,1
DA:34,1
DA:46,1
DA:53,1
DA:60,1
DA:66,1
LF:12
LH:12
BRF:0
BRH:0
end_of_record
TN:
SF:src/routes/history.routes.ts
FNF:0
FNH:0
DA:1,1
DA:2,1
DA:3,1
DA:10,1
DA:11,1
DA:13,1
DA:16,1
DA:23,1
DA:30,1
DA:33,1
DA:35,1
DA:40,1
LF:12
LH:12
BRF:0
BRH:0
end_of_record
TN:
SF:src/routes/item.routes.ts
FNF:0
FNH:0
DA:1,1
DA:2,1
DA:15,1
DA:16,1
DA:22,1
DA:27,1
DA:28,1
DA:31,1
DA:42,1
DA:44,1
DA:51,1
DA:54,1
DA:63,1
DA:72,1
DA:81,1
DA:91,1
DA:101,1
DA:108,1
DA:114,1
LF:19
LH:19
BRF:0
BRH:0
end_of_record
TN:
SF:src/routes/order.routes.ts
FNF:0
FNH:0
DA:1,1
DA:3,1
DA:9,1
DA:14,1
DA:16,1
DA:19,1
DA:22,1
DA:25,1
DA:29,1
DA:32,1
DA:35,1
DA:38,1
DA:41,1
DA:47,1
LF:14
LH:14
BRF:0
BRH:0
end_of_record
TN:
SF:src/routes/sell.routes.ts
FNF:0
FNH:0
DA:1,1
DA:2,1
DA:3,1
DA:4,1
DA:6,1
DA:9,1
DA:11,1
DA:14,1
DA:21,1
LF:9
LH:9
BRF:0
BRH:0
end_of_record
TN:
SF:src/routes/signature.routes.ts
FNF:0
FNH:0
DA:1,1
DA:3,1
DA:5,1
DA:7,1
DA:10,1
LF:5
LH:5
BRF:0
BRH:0
end_of_record
TN:
SF:src/routes/user.routes.ts
FNF:0
FNH:0
DA:1,1
DA:2,1
DA:6,1
DA:7,1
DA:9,1
DA:12,1
DA:15,1
DA:22,1
LF:8
LH:8
BRF:0
BRH:0
end_of_record
TN:
SF:src/services/Order.services.ts
FN:9,(anonymous_8)
FN:31,(anonymous_9)
FN:62,(anonymous_10)
FN:62,(anonymous_11)
FN:67,(anonymous_12)
FN:67,(anonymous_13)
FN:72,(anonymous_14)
FN:72,(anonymous_15)
FN:77,(anonymous_16)
FN:77,(anonymous_17)
FN:82,(anonymous_18)
FN:82,(anonymous_19)
FN:88,(anonymous_20)
FN:88,(anonymous_21)
FN:93,(anonymous_22)
FN:93,(anonymous_23)
FN:98,(anonymous_24)
FN:102,(anonymous_25)
FNF:18
FNH:0
FNDA:0,(anonymous_8)
FNDA:0,(anonymous_9)
FNDA:0,(anonymous_10)
FNDA:0,(anonymous_11)
FNDA:0,(anonymous_12)
FNDA:0,(anonymous_13)
FNDA:0,(anonymous_14)
FNDA:0,(anonymous_15)
FNDA:0,(anonymous_16)
FNDA:0,(anonymous_17)
FNDA:0,(anonymous_18)
FNDA:0,(anonymous_19)
FNDA:0,(anonymous_20)
FNDA:0,(anonymous_21)
FNDA:0,(anonymous_22)
FNDA:0,(anonymous_23)
FNDA:0,(anonymous_24)
FNDA:0,(anonymous_25)
DA:1,1
DA:2,1
DA:3,1
DA:5,1
DA:6,1
DA:7,1
DA:9,1
DA:31,0
DA:33,0
DA:58,0
DA:59,0
DA:62,1
DA:63,0
DA:64,0
DA:67,1
DA:68,0
DA:69,0
DA:72,1
DA:73,0
DA:74,0
DA:77,1
DA:78,0
DA:79,0
DA:82,1
DA:84,0
DA:85,0
DA:88,1
DA:89,0
DA:90,0
DA:93,1
DA:94,0
DA:95,0
DA:98,1
DA:99,0
DA:102,1
DA:103,0
DA:107,1
DA:108,1
DA:109,1
DA:110,1
DA:111,1
DA:112,1
DA:113,1
DA:114,1
DA:115,1
DA:116,1
LF:46
LH:26
BRDA:77,0,0,0
BRF:1
BRH:0
end_of_record
TN:
SF:src/services/Signature.services.ts
FN:3,(anonymous_8)
FN:10,(anonymous_9)
FN:25,(anonymous_10)
FN:25,(anonymous_11)
FNF:4
FNH:0
FNDA:0,(anonymous_8)
FNDA:0,(anonymous_9)
FNDA:0,(anonymous_10)
FNDA:0,(anonymous_11)
DA:1,1
DA:2,1
DA:3,1
DA:10,0
DA:11,0
DA:21,0
DA:22,0
DA:25,1
DA:26,0
DA:27,0
DA:31,1
DA:32,1
LF:12
LH:6
BRF:0
BRH:0
end_of_record
TN:
SF:src/services/alchemyApi.services.ts
FN:8,(anonymous_7)
FN:8,(anonymous_8)
FN:19,(anonymous_9)
FN:19,(anonymous_10)
FN:54,(anonymous_11)
FN:54,(anonymous_12)
FN:70,(anonymous_13)
FN:79,(anonymous_14)
FN:79,(anonymous_15)
FN:99,(anonymous_16)
FN:104,(anonymous_17)
FNF:11
FNH:0
FNDA:0,(anonymous_7)
FNDA:0,(anonymous_8)
FNDA:0,(anonymous_9)
FNDA:0,(anonymous_10)
FNDA:0,(anonymous_11)
FNDA:0,(anonymous_12)
FNDA:0,(anonymous_13)
FNDA:0,(anonymous_14)
FNDA:0,(anonymous_15)
FNDA:0,(anonymous_16)
FNDA:0,(anonymous_17)
DA:1,1
DA:2,1
DA:3,1
DA:4,1
DA:5,1
DA:6,1
DA:8,1
DA:9,0
DA:10,0
DA:11,0
DA:13,0
DA:14,0
DA:15,0
DA:16,0
DA:17,0
DA:19,0
DA:20,0
DA:21,0
DA:27,0
DA:28,0
DA:46,0
DA:47,0
DA:50,0
DA:54,1
DA:55,0
DA:56,0
DA:57,0
DA:58,0
DA:60,0
DA:61,0
DA:62,0
DA:63,0
DA:65,0
DA:66,0
DA:67,0
DA:70,0
DA:71,0
DA:72,0
DA:76,0
DA:79,0
DA:80,0
DA:92,0
DA:94,0
DA:95,0
DA:99,1
DA:104,0
DA:105,0
DA:106,0
DA:107,0
DA:108,0
DA:109,0
DA:111,0
DA:122,0
DA:124,0
DA:125,0
DA:129,1
LF:56
LH:10
BRDA:27,0,0,0
BRDA:62,1,0,0
BRDA:71,2,0,0
BRF:3
BRH:0
end_of_record
TN:
SF:src/services/chainLink.services.ts
FN:6,(anonymous_8)
FN:6,(anonymous_9)
FN:13,(anonymous_10)
FN:13,(anonymous_11)
FN:20,(anonymous_12)
FN:20,(anonymous_13)
FNF:6
FNH:0
FNDA:0,(anonymous_8)
FNDA:0,(anonymous_9)
FNDA:0,(anonymous_10)
FNDA:0,(anonymous_11)
FNDA:0,(anonymous_12)
FNDA:0,(anonymous_13)
DA:1,1
DA:2,1
DA:3,1
DA:4,1
DA:6,1
DA:7,0
DA:8,0
DA:9,0
DA:10,0
DA:13,1
DA:14,0
DA:15,0
DA:16,0
DA:17,0
DA:20,1
DA:21,0
DA:22,0
DA:24,0
DA:25,0
DA:27,0
DA:29,0
DA:30,0
DA:31,0
DA:32,0
DA:34,0
DA:36,0
DA:39,1
LF:27
LH:8
BRDA:24,0,0,0
BRDA:24,0,1,0
BRDA:24,1,0,0
BRDA:24,1,1,0
BRF:4
BRH:0
end_of_record
TN:
SF:src/services/collection.services.ts
FN:15,(anonymous_8)
FN:25,(anonymous_9)
FN:60,(anonymous_10)
FN:60,(anonymous_11)
FN:69,(anonymous_12)
FN:77,(anonymous_13)
FN:97,(anonymous_14)
FN:102,(anonymous_15)
FN:115,(anonymous_16)
FN:123,(anonymous_17)
FN:143,(anonymous_18)
FN:143,(anonymous_19)
FN:148,(anonymous_20)
FN:148,(anonymous_21)
FN:159,(anonymous_22)
FN:159,(anonymous_23)
FN:162,(anonymous_24)
FN:188,(anonymous_25)
FN:188,(anonymous_26)
FN:193,(anonymous_27)
FN:193,(anonymous_28)
FN:198,(anonymous_29)
FNF:22
FNH:0
FNDA:0,(anonymous_8)
FNDA:0,(anonymous_9)
FNDA:0,(anonymous_10)
FNDA:0,(anonymous_11)
FNDA:0,(anonymous_12)
FNDA:0,(anonymous_13)
FNDA:0,(anonymous_14)
FNDA:0,(anonymous_15)
FNDA:0,(anonymous_16)
FNDA:0,(anonymous_17)
FNDA:0,(anonymous_18)
FNDA:0,(anonymous_19)
FNDA:0,(anonymous_20)
FNDA:0,(anonymous_21)
FNDA:0,(anonymous_22)
FNDA:0,(anonymous_23)
FNDA:0,(anonymous_24)
FNDA:0,(anonymous_25)
FNDA:0,(anonymous_26)
FNDA:0,(anonymous_27)
FNDA:0,(anonymous_28)
FNDA:0,(anonymous_29)
DA:2,1
DA:3,1
DA:4,1
DA:11,1
DA:12,1
DA:13,1
DA:15,1
DA:25,0
DA:28,0
DA:29,0
DA:30,0
DA:32,0
DA:35,0
DA:36,0
DA:37,0
DA:38,0
DA:49,0
DA:50,0
DA:52,0
DA:53,0
DA:55,0
DA:56,0
DA:60,1
DA:61,0
DA:62,0
DA:63,0
DA:66,0
DA:69,1
DA:77,0
DA:78,0
DA:79,0
DA:80,0
DA:88,0
DA:90,0
DA:92,0
DA:93,0
DA:97,1
DA:102,0
DA:103,0
DA:104,0
DA:105,0
DA:106,0
DA:107,0
DA:109,0
DA:110,0
DA:112,0
DA:115,1
DA:123,0
DA:124,0
DA:132,0
DA:133,0
DA:134,0
DA:135,0
DA:137,0
DA:138,0
DA:140,0
DA:143,1
DA:144,0
DA:145,0
DA:148,1
DA:149,0
DA:150,0
DA:151,0
DA:152,0
DA:153,0
DA:156,0
DA:159,1
DA:160,0
DA:161,0
DA:162,0
DA:163,0
DA:164,0
DA:166,0
DA:168,0
DA:170,0
DA:172,0
DA:174,0
DA:175,0
DA:178,0
DA:179,0
DA:181,0
DA:183,0
DA:185,0
DA:188,1
DA:189,0
DA:190,0
DA:193,1
DA:194,0
DA:195,0
DA:198,1
DA:199,0
DA:212,0
DA:216,1
DA:217,1
DA:218,1
DA:219,1
DA:220,1
DA:221,1
DA:222,1
DA:223,1
DA:224,1
DA:225,1
LF:102
LH:27
BRDA:28,0,0,0
BRDA:28,0,1,0
BRDA:37,1,0,0
BRDA:61,2,0,0
BRDA:61,3,0,0
BRDA:61,3,1,0
BRDA:61,3,2,0
BRDA:62,4,0,0
BRDA:105,5,0,0
BRDA:132,6,0,0
BRDA:143,7,0,0
BRDA:151,8,0,0
BRDA:163,9,0,0
BRDA:163,9,1,0
BRDA:174,10,0,0
BRF:15
BRH:0
end_of_record
TN:
SF:src/services/history.services.ts
FN:15,(anonymous_8)
FN:22,(anonymous_9)
FN:42,(anonymous_10)
FN:52,(anonymous_11)
FN:73,(anonymous_12)
FN:73,(anonymous_13)
FN:77,(anonymous_14)
FN:77,(anonymous_15)
FN:86,(anonymous_16)
FN:86,(anonymous_17)
FN:99,(anonymous_18)
FN:99,(anonymous_19)
FN:117,(anonymous_20)
FN:117,(anonymous_21)
FN:124,(anonymous_22)
FN:124,(anonymous_23)
FN:129,(anonymous_24)
FN:129,(anonymous_25)
FN:138,(anonymous_26)
FN:156,(anonymous_27)
FN:172,(anonymous_28)
FN:172,(anonymous_29)
FNF:22
FNH:0
FNDA:0,(anonymous_8)
FNDA:0,(anonymous_9)
FNDA:0,(anonymous_10)
FNDA:0,(anonymous_11)
FNDA:0,(anonymous_12)
FNDA:0,(anonymous_13)
FNDA:0,(anonymous_14)
FNDA:0,(anonymous_15)
FNDA:0,(anonymous_16)
FNDA:0,(anonymous_17)
FNDA:0,(anonymous_18)
FNDA:0,(anonymous_19)
FNDA:0,(anonymous_20)
FNDA:0,(anonymous_21)
FNDA:0,(anonymous_22)
FNDA:0,(anonymous_23)
FNDA:0,(anonymous_24)
FNDA:0,(anonymous_25)
FNDA:0,(anonymous_26)
FNDA:0,(anonymous_27)
FNDA:0,(anonymous_28)
FNDA:0,(anonymous_29)
DA:1,1
DA:2,1
DA:3,1
DA:11,1
DA:12,1
DA:13,1
DA:15,1
DA:22,0
DA:24,0
DA:33,0
DA:34,0
DA:35,0
DA:37,0
DA:39,0
DA:42,1
DA:52,0
DA:53,0
DA:64,0
DA:65,0
DA:66,0
DA:68,0
DA:70,0
DA:73,1
DA:74,0
DA:77,1
DA:78,0
DA:79,0
DA:80,0
DA:81,0
DA:83,0
DA:86,1
DA:87,0
DA:88,0
DA:89,0
DA:90,0
DA:91,0
DA:93,0
DA:94,0
DA:96,0
DA:99,1
DA:100,0
DA:101,0
DA:102,0
DA:103,0
DA:105,0
DA:116,0
DA:117,0
DA:118,0
DA:120,0
DA:121,0
DA:124,1
DA:125,0
DA:126,0
DA:129,1
DA:130,0
DA:131,0
DA:132,0
DA:133,0
DA:135,0
DA:138,1
DA:139,0
DA:140,0
DA:141,0
DA:153,0
DA:156,1
DA:157,0
DA:158,0
DA:159,0
DA:169,0
DA:172,1
DA:173,0
DA:174,0
DA:175,0
DA:176,0
DA:177,0
DA:180,0
DA:182,0
DA:186,1
DA:187,1
DA:188,1
DA:189,1
DA:190,1
DA:191,1
DA:192,1
DA:193,1
LF:85
LH:25
BRDA:89,0,0,0
BRDA:118,1,0,0
BRDA:118,1,1,0
BRDA:118,2,0,0
BRDA:118,2,1,0
BRDA:118,3,0,0
BRDA:118,3,1,0
BRDA:118,4,0,0
BRDA:118,4,1,0
BRDA:140,5,0,0
BRDA:158,6,0,0
BRDA:175,7,0,0
BRDA:176,8,0,0
BRDA:176,8,1,0
BRDA:176,9,0,0
BRDA:176,9,1,0
BRDA:176,10,0,0
BRDA:176,10,1,0
BRDA:176,11,0,0
BRDA:176,11,1,0
BRF:20
BRH:0
end_of_record
TN:
SF:src/services/item.services.ts
FN:21,(anonymous_8)
FN:36,(anonymous_9)
FN:66,(anonymous_10)
FN:77,(anonymous_11)
FN:113,(anonymous_12)
FN:128,(anonymous_13)
FN:168,(anonymous_14)
FN:168,(anonymous_15)
FN:175,(anonymous_16)
FN:181,(anonymous_17)
FN:203,(anonymous_18)
FN:203,(anonymous_19)
FN:213,(anonymous_20)
FN:213,(anonymous_21)
FN:218,(anonymous_22)
FN:218,(anonymous_23)
FN:223,(anonymous_24)
FN:223,(anonymous_25)
FN:229,(anonymous_26)
FN:229,(anonymous_27)
FN:233,(anonymous_28)
FN:233,(anonymous_29)
FN:238,(anonymous_30)
FN:238,(anonymous_31)
FN:244,(anonymous_32)
FN:244,(anonymous_33)
FN:250,(anonymous_34)
FN:250,(anonymous_35)
FN:254,(anonymous_36)
FN:254,(anonymous_37)
FN:261,(anonymous_38)
FN:261,(anonymous_39)
FN:266,(anonymous_40)
FN:266,(anonymous_41)
FN:271,(anonymous_42)
FN:275,(anonymous_43)
FN:275,(anonymous_44)
FN:281,(anonymous_45)
FN:290,(anonymous_46)
FNF:39
FNH:0
FNDA:0,(anonymous_8)
FNDA:0,(anonymous_9)
FNDA:0,(anonymous_10)
FNDA:0,(anonymous_11)
FNDA:0,(anonymous_12)
FNDA:0,(anonymous_13)
FNDA:0,(anonymous_14)
FNDA:0,(anonymous_15)
FNDA:0,(anonymous_16)
FNDA:0,(anonymous_17)
FNDA:0,(anonymous_18)
FNDA:0,(anonymous_19)
FNDA:0,(anonymous_20)
FNDA:0,(anonymous_21)
FNDA:0,(anonymous_22)
FNDA:0,(anonymous_23)
FNDA:0,(anonymous_24)
FNDA:0,(anonymous_25)
FNDA:0,(anonymous_26)
FNDA:0,(anonymous_27)
FNDA:0,(anonymous_28)
FNDA:0,(anonymous_29)
FNDA:0,(anonymous_30)
FNDA:0,(anonymous_31)
FNDA:0,(anonymous_32)
FNDA:0,(anonymous_33)
FNDA:0,(anonymous_34)
FNDA:0,(anonymous_35)
FNDA:0,(anonymous_36)
FNDA:0,(anonymous_37)
FNDA:0,(anonymous_38)
FNDA:0,(anonymous_39)
FNDA:0,(anonymous_40)
FNDA:0,(anonymous_41)
FNDA:0,(anonymous_42)
FNDA:0,(anonymous_43)
FNDA:0,(anonymous_44)
FNDA:0,(anonymous_45)
FNDA:0,(anonymous_46)
DA:1,1
DA:2,1
DA:13,1
DA:16,1
DA:17,1
DA:18,1
DA:19,1
DA:21,1
DA:36,0
DA:37,0
DA:39,0
DA:40,0
DA:57,0
DA:59,0
DA:60,0
DA:61,0
DA:63,0
DA:66,1
DA:77,0
DA:79,0
DA:89,0
DA:101,0
DA:102,0
DA:104,0
DA:105,0
DA:106,0
DA:110,0
DA:113,1
DA:128,0
DA:130,0
DA:141,0
DA:154,0
DA:155,0
DA:156,0
DA:157,0
DA:159,0
DA:160,0
DA:163,0
DA:165,0
DA:168,1
DA:169,0
DA:170,0
DA:171,0
DA:172,0
DA:175,1
DA:181,0
DA:182,0
DA:185,0
DA:191,0
DA:192,0
DA:194,0
DA:195,0
DA:196,0
DA:198,0
DA:199,0
DA:203,1
DA:204,0
DA:205,0
DA:206,0
DA:208,0
DA:209,0
DA:213,1
DA:214,0
DA:215,0
DA:218,1
DA:219,0
DA:220,0
DA:223,1
DA:224,0
DA:225,0
DA:226,0
DA:229,1
DA:230,0
DA:233,1
DA:234,0
DA:235,0
DA:238,1
DA:239,0
DA:240,0
DA:244,1
DA:245,0
DA:246,0
DA:250,1
DA:251,0
DA:254,1
DA:255,0
DA:256,0
DA:257,0
DA:261,1
DA:262,0
DA:263,0
DA:266,1
DA:267,0
DA:268,0
DA:271,1
DA:272,0
DA:275,1
DA:276,0
DA:277,0
DA:278,0
DA:281,1
DA:282,0
DA:283,0
DA:284,0
DA:287,0
DA:290,1
DA:291,0
DA:292,0
DA:293,0
DA:314,0
DA:318,1
DA:319,1
DA:320,1
DA:321,1
DA:322,1
DA:323,1
DA:324,1
DA:325,1
DA:326,1
DA:327,1
DA:328,1
DA:329,1
DA:330,1
DA:331,1
DA:332,1
DA:333,1
DA:334,1
DA:335,1
LF:128
LH:46
BRDA:39,0,0,0
BRDA:74,1,0,0
BRDA:104,2,0,0
BRDA:121,3,0,0
BRDA:156,4,0,0
BRDA:255,5,0,0
BRDA:292,6,0,0
BRF:7
BRH:0
end_of_record
TN:
SF:src/services/model.services.ts
FN:3,(anonymous_7)
FN:3,(anonymous_8)
FN:14,(anonymous_9)
FN:14,(anonymous_10)
FN:19,(anonymous_11)
FN:25,(anonymous_12)
FN:56,(anonymous_13)
FN:61,(anonymous_14)
FN:77,(anonymous_15)
FN:81,(anonymous_16)
FN:92,(anonymous_17)
FN:98,(anonymous_18)
FN:112,(anonymous_19)
FN:117,(anonymous_20)
FN:133,(anonymous_21)
FN:139,(anonymous_22)
FN:153,(anonymous_23)
FN:158,(anonymous_24)
FN:170,(anonymous_25)
FN:173,(anonymous_26)
FN:184,(anonymous_27)
FN:184,(anonymous_28)
FNF:22
FNH:0
FNDA:0,(anonymous_7)
FNDA:0,(anonymous_8)
FNDA:0,(anonymous_9)
FNDA:0,(anonymous_10)
FNDA:0,(anonymous_11)
FNDA:0,(anonymous_12)
FNDA:0,(anonymous_13)
FNDA:0,(anonymous_14)
FNDA:0,(anonymous_15)
FNDA:0,(anonymous_16)
FNDA:0,(anonymous_17)
FNDA:0,(anonymous_18)
FNDA:0,(anonymous_19)
FNDA:0,(anonymous_20)
FNDA:0,(anonymous_21)
FNDA:0,(anonymous_22)
FNDA:0,(anonymous_23)
FNDA:0,(anonymous_24)
FNDA:0,(anonymous_25)
FNDA:0,(anonymous_26)
FNDA:0,(anonymous_27)
FNDA:0,(anonymous_28)
DA:1,1
DA:3,1
DA:4,0
DA:5,0
DA:6,0
DA:7,0
DA:9,0
DA:11,0
DA:14,1
DA:15,0
DA:16,0
DA:19,1
DA:25,0
DA:26,0
DA:27,0
DA:28,0
DA:29,0
DA:30,0
DA:32,0
DA:40,0
DA:49,0
DA:51,0
DA:52,0
DA:56,1
DA:61,0
DA:62,0
DA:63,0
DA:64,0
DA:65,0
DA:70,0
DA:72,0
DA:73,0
DA:77,1
DA:81,0
DA:82,0
DA:83,0
DA:84,0
DA:85,0
DA:87,0
DA:88,0
DA:92,1
DA:98,0
DA:99,0
DA:100,0
DA:101,0
DA:105,0
DA:107,0
DA:108,0
DA:112,1
DA:117,0
DA:118,0
DA:119,0
DA:120,0
DA:121,0
DA:126,0
DA:128,0
DA:129,0
DA:133,1
DA:139,0
DA:140,0
DA:141,0
DA:142,0
DA:143,0
DA:146,0
DA:148,0
DA:149,0
DA:153,1
DA:158,0
DA:159,0
DA:160,0
DA:161,0
DA:162,0
DA:163,0
DA:165,0
DA:167,0
DA:170,1
DA:173,0
DA:174,0
DA:175,0
DA:176,0
DA:177,0
DA:179,0
DA:184,1
DA:185,0
DA:202,0
DA:203,0
DA:204,0
DA:205,0
DA:208,0
DA:210,0
DA:214,1
DA:215,1
DA:216,1
DA:217,1
DA:218,1
DA:219,1
DA:220,1
DA:221,1
DA:222,1
DA:223,1
DA:224,1
LF:101
LH:23
BRDA:22,0,0,0
BRDA:23,1,0,0
BRDA:24,2,0,0
BRDA:32,3,0,0
BRDA:32,3,1,0
BRDA:32,4,0,0
BRDA:32,4,1,0
BRDA:60,5,0,0
BRDA:80,6,0,0
BRDA:95,7,0,0
BRDA:96,8,0,0
BRDA:97,9,0,0
BRDA:116,10,0,0
BRDA:184,11,0,0
BRDA:184,12,0,0
BRDA:184,13,0,0
BRDA:204,14,0,0
BRF:17
BRH:0
end_of_record
TN:
SF:src/services/orderBase.services.ts
FN:4,(anonymous_8)
FN:10,(anonymous_9)
FN:24,(anonymous_10)
FN:24,(anonymous_11)
FN:29,(anonymous_12)
FN:29,(anonymous_13)
FN:34,(anonymous_14)
FN:34,(anonymous_15)
FNF:8
FNH:0
FNDA:0,(anonymous_8)
FNDA:0,(anonymous_9)
FNDA:0,(anonymous_10)
FNDA:0,(anonymous_11)
FNDA:0,(anonymous_12)
FNDA:0,(anonymous_13)
FNDA:0,(anonymous_14)
FNDA:0,(anonymous_15)
DA:1,1
DA:2,1
DA:4,1
DA:10,0
DA:11,0
DA:20,0
DA:21,0
DA:24,1
DA:25,0
DA:26,0
DA:29,1
DA:30,0
DA:31,0
DA:34,1
DA:35,0
DA:36,0
DA:40,1
DA:41,1
DA:42,1
DA:43,1
LF:20
LH:10
BRF:0
BRH:0
end_of_record
TN:
SF:src/services/other.services.ts
FN:8,(anonymous_8)
FN:9,(anonymous_9)
FN:15,(anonymous_10)
FN:15,(anonymous_11)
FN:24,(anonymous_12)
FN:24,(anonymous_13)
FN:35,(anonymous_14)
FN:50,(anonymous_15)
FNF:8
FNH:0
FNDA:0,(anonymous_8)
FNDA:0,(anonymous_9)
FNDA:0,(anonymous_10)
FNDA:0,(anonymous_11)
FNDA:0,(anonymous_12)
FNDA:0,(anonymous_13)
FNDA:0,(anonymous_14)
FNDA:0,(anonymous_15)
DA:1,1
DA:2,1
DA:4,1
DA:5,1
DA:8,1
DA:9,0
DA:10,0
DA:12,0
DA:15,1
DA:16,0
DA:17,0
DA:18,0
DA:19,0
DA:20,0
DA:21,0
DA:24,1
DA:25,0
DA:26,0
DA:27,0
DA:28,0
DA:30,0
DA:32,0
DA:35,1
DA:36,0
DA:37,0
DA:38,0
DA:39,0
DA:40,0
DA:43,0
DA:45,0
DA:47,0
DA:50,1
DA:51,0
DA:52,0
DA:54,0
DA:55,0
DA:56,0
DA:57,0
DA:59,0
DA:61,0
DA:62,0
DA:63,0
DA:65,0
DA:69,1
DA:70,1
DA:71,1
DA:72,1
DA:73,1
LF:48
LH:14
BRDA:10,0,0,0
BRDA:10,0,1,0
BRDA:39,1,0,0
BRDA:51,2,0,0
BRDA:54,3,0,0
BRF:5
BRH:0
end_of_record
TN:
SF:src/services/provider.services.ts
FN:12,(anonymous_0)
FNF:1
FNH:0
FNDA:0,(anonymous_0)
DA:1,1
DA:12,1
DA:13,0
DA:15,0
DA:17,0
DA:19,0
DA:21,0
DA:23,0
DA:25,0
DA:27,0
DA:29,0
DA:31,0
LF:12
LH:2
BRDA:13,0,0,0
BRDA:13,0,1,0
BRDA:13,0,2,0
BRDA:13,0,3,0
BRDA:13,0,4,0
BRDA:13,0,5,0
BRDA:13,0,6,0
BRDA:13,0,7,0
BRDA:13,0,8,0
BRF:9
BRH:0
end_of_record
TN:
SF:src/services/user.services.ts
FN:4,(anonymous_8)
FN:4,(anonymous_9)
FN:15,(anonymous_10)
FN:15,(anonymous_11)
FN:19,(anonymous_12)
FN:27,(anonymous_13)
FN:49,(anonymous_14)
FN:49,(anonymous_15)
FN:66,(anonymous_16)
FNF:9
FNH:0
FNDA:0,(anonymous_8)
FNDA:0,(anonymous_9)
FNDA:0,(anonymous_10)
FNDA:0,(anonymous_11)
FNDA:0,(anonymous_12)
FNDA:0,(anonymous_13)
FNDA:0,(anonymous_14)
FNDA:0,(anonymous_15)
FNDA:0,(anonymous_16)
DA:1,1
DA:2,1
DA:4,1
DA:5,0
DA:6,0
DA:7,0
DA:8,0
DA:11,0
DA:12,0
DA:15,1
DA:16,0
DA:19,1
DA:27,0
DA:28,0
DA:46,0
DA:49,1
DA:50,0
DA:63,0
DA:66,1
DA:67,0
DA:77,0
DA:80,1
LF:22
LH:8
BRDA:6,0,0,0
BRF:1
BRH:0
end_of_record
TN:
SF:src/services/web3.services.ts
FN:3,(anonymous_7)
FN:7,(anonymous_8)
FN:12,(anonymous_9)
FN:12,(anonymous_10)
FN:16,(anonymous_11)
FN:16,(anonymous_12)
FN:20,(anonymous_13)
FN:20,(anonymous_14)
FN:24,(anonymous_15)
FN:27,(anonymous_16)
FN:31,(anonymous_17)
FN:40,(anonymous_18)
FN:54,(anonymous_19)
FN:54,(anonymous_20)
FNF:14
FNH:0
FNDA:0,(anonymous_7)
FNDA:0,(anonymous_8)
FNDA:0,(anonymous_9)
FNDA:0,(anonymous_10)
FNDA:0,(anonymous_11)
FNDA:0,(anonymous_12)
FNDA:0,(anonymous_13)
FNDA:0,(anonymous_14)
FNDA:0,(anonymous_15)
FNDA:0,(anonymous_16)
FNDA:0,(anonymous_17)
FNDA:0,(anonymous_18)
FNDA:0,(anonymous_19)
FNDA:0,(anonymous_20)
DA:1,1
DA:3,1
DA:7,0
DA:8,0
DA:9,0
DA:12,1
DA:13,0
DA:16,1
DA:17,0
DA:20,1
DA:21,0
DA:24,1
DA:27,0
DA:28,0
DA:31,1
DA:40,0
DA:41,0
DA:54,1
DA:55,0
DA:84,1
DA:85,1
DA:86,1
DA:87,1
DA:88,1
DA:89,1
DA:90,1
LF:26
LH:15
BRDA:26,0,0,0
BRF:1
BRH:0
end_of_record
